This is pdfTeX, Version 3.141592653-2.6-1.40.23 (MiKTeX 21.7) (preloaded format=pdflatex 2022.1.14)  29 JUL 2023 15:54
entering extended mode
**./BA.tex
(BA.tex
LaTeX2e <2021-11-15> patch level 1
L3 programming layer <2021-11-22> (config.sty
(/Users/xavergruber/Library/Application Support/MiKTeX/texmfs/install/tex/latex
/koma-script/scrreport.cls
Document Class: scrreport 2021/11/13 v3.35 KOMA-Script document class (report)

(/Users/xavergruber/Library/Application Support/MiKTeX/texmfs/install/tex/latex
/koma-script/scrreprt.cls
Document Class: scrreprt 2021/11/13 v3.35 KOMA-Script document class (report)

(/Users/xavergruber/Library/Application Support/MiKTeX/texmfs/install/tex/latex
/koma-script/scrkbase.sty
Package: scrkbase 2021/11/13 v3.35 KOMA-Script package (KOMA-Script-dependent b
asics and keyval usage)

(/Users/xavergruber/Library/Application Support/MiKTeX/texmfs/install/tex/latex
/koma-script/scrbase.sty
Package: scrbase 2021/11/13 v3.35 KOMA-Script package (KOMA-Script-independent 
basics and keyval usage)

(/Users/xavergruber/Library/Application Support/MiKTeX/texmfs/install/tex/latex
/koma-script/scrlfile.sty
Package: scrlfile 2021/11/13 v3.35 KOMA-Script package (file load hooks)

(/Users/xavergruber/Library/Application Support/MiKTeX/texmfs/install/tex/latex
/koma-script/scrlfile-hook.sty
Package: scrlfile-hook 2021/11/13 v3.35 KOMA-Script package (using LaTeX hooks)


(/Users/xavergruber/Library/Application Support/MiKTeX/texmfs/install/tex/latex
/koma-script/scrlogo.sty
Package: scrlogo 2021/11/13 v3.35 KOMA-Script package (logo)
)))
(/Users/xavergruber/Library/Application Support/MiKTeX/texmfs/install/tex/latex
/graphics/keyval.sty
Package: keyval 2014/10/28 v1.15 key=value parser (DPC)
\KV@toks@=\toks16
)
Applying: [2021/05/01] Usage of raw or classic option list on input line 252.
Already applied: [0000/00/00] Usage of raw or classic option list on input line
 368.
))
(/Users/xavergruber/Library/Application Support/MiKTeX/texmfs/install/tex/latex
/koma-script/tocbasic.sty
Package: tocbasic 2021/11/13 v3.35 KOMA-Script package (handling toc-files)
\scr@dte@tocline@numberwidth=\skip47
\scr@dte@tocline@numbox=\box50
)
Package tocbasic Info: babel extension for `toc' omitted
(tocbasic)             because of missing \bbl@set@language on input line 137.
Package scrreprt Info: You've used standard option `11pt'.
(scrreprt)             This is correct!
(scrreprt)             Internally I'm using `fontsize=11pt'.
(scrreprt)             If you'd like to set the option with \KOMAoptions,
(scrreprt)             you'd have to use `fontsize=11pt' there
(scrreprt)             instead of `11pt', too.
Class scrreprt Info: File `scrsize11pt.clo' used to setup font sizes on input l
ine 2487.

(/Users/xavergruber/Library/Application Support/MiKTeX/texmfs/install/tex/latex
/koma-script/scrsize11pt.clo
File: scrsize11pt.clo 2021/11/13 v3.35 KOMA-Script font size class option (11pt
)
)
(/Users/xavergruber/Library/Application Support/MiKTeX/texmfs/install/tex/latex
/koma-script/typearea.sty
Package: typearea 2021/11/13 v3.35 KOMA-Script package (type area)
\ta@bcor=\skip48
\ta@div=\count183
\ta@hblk=\skip49
\ta@vblk=\skip50
\ta@temp=\skip51
\footheight=\skip52
Package typearea Info: These are the values describing the layout:
(typearea)             DIV  = 10
(typearea)             BCOR = 0.0pt
(typearea)             \paperwidth      = 597.50793pt
(typearea)              \textwidth      = 418.25555pt
(typearea)              DIV departure   = -6%
(typearea)              \evensidemargin = 17.3562pt
(typearea)              \oddsidemargin  = 17.3562pt
(typearea)             \paperheight     = 845.04694pt
(typearea)              \textheight     = 595.80026pt
(typearea)              \topmargin      = -25.16531pt
(typearea)              \headheight     = 17.0pt
(typearea)              \headsep        = 20.40001pt
(typearea)              \topskip        = 11.0pt
(typearea)              \footskip       = 47.6pt
(typearea)              \baselineskip   = 13.6pt
(typearea)              on input line 1743.
)
\c@part=\count184
\c@chapter=\count185
\c@section=\count186
\c@subsection=\count187
\c@subsubsection=\count188
\c@paragraph=\count189
\c@subparagraph=\count190
\scr@dte@chapter@maxnumwidth=\skip53
Class scrreprt Info: using compatibility default `afterindent=bysign'
(scrreprt)           for `\chapter on input line 5717.
\scr@dte@section@maxnumwidth=\skip54
Class scrreprt Info: using compatibility default `runin=bysign'
(scrreprt)           for `\section on input line 5728.
Class scrreprt Info: using compatibility default `afterindent=bysign'
(scrreprt)           for `\section on input line 5728.
\scr@dte@part@maxnumwidth=\skip55
Class scrreprt Info: using compatibility default `afterindent=true'
(scrreprt)           for `\part on input line 5737.
\scr@dte@subsection@maxnumwidth=\skip56
Class scrreprt Info: using compatibility default `runin=bysign'
(scrreprt)           for `\subsection on input line 5747.
Class scrreprt Info: using compatibility default `afterindent=bysign'
(scrreprt)           for `\subsection on input line 5747.
\scr@dte@subsubsection@maxnumwidth=\skip57
Class scrreprt Info: using compatibility default `runin=bysign'
(scrreprt)           for `\subsubsection on input line 5757.
Class scrreprt Info: using compatibility default `afterindent=bysign'
(scrreprt)           for `\subsubsection on input line 5757.
\scr@dte@paragraph@maxnumwidth=\skip58
Class scrreprt Info: using compatibility default `runin=bysign'
(scrreprt)           for `\paragraph on input line 5768.
Class scrreprt Info: using compatibility default `afterindent=bysign'
(scrreprt)           for `\paragraph on input line 5768.
\scr@dte@subparagraph@maxnumwidth=\skip59
Class scrreprt Info: using compatibility default `runin=bysign'
(scrreprt)           for `\subparagraph on input line 5778.
Class scrreprt Info: using compatibility default `afterindent=bysign'
(scrreprt)           for `\subparagraph on input line 5778.
\abovecaptionskip=\skip60
\belowcaptionskip=\skip61
\c@pti@nb@sid@b@x=\box51
Package tocbasic Info: babel extension for `lof' omitted
(tocbasic)             because of missing \bbl@set@language on input line 6958.

\scr@dte@figure@maxnumwidth=\skip62
\c@figure=\count191
Package tocbasic Info: babel extension for `lot' omitted
(tocbasic)             because of missing \bbl@set@language on input line 6974.

\scr@dte@table@maxnumwidth=\skip63
\c@table=\count192
Class scrreprt Info: Redefining `\numberline' on input line 7142.
\bibindent=\dimen138
))
(/Users/xavergruber/Library/Application Support/MiKTeX/texmfs/install/tex/latex
/setspace/setspace.sty
Package: setspace 2011/12/19 v6.7a set line spacing
)
(/Users/xavergruber/Library/Application Support/MiKTeX/texmfs/install/tex/gener
ic/babel/babel.sty
Package: babel 2021/12/30 3.69 The Babel package
\babel@savecnt=\count193
\U@D=\dimen139
\l@unhyphenated=\language1

(/Users/xavergruber/Library/Application Support/MiKTeX/texmfs/install/tex/gener
ic/babel/txtbabel.def)
\bbl@readstream=\read2
\bbl@dirlevel=\count194

*************************************
* Local config file bblopts.cfg used
*

(/Users/xavergruber/Library/Application Support/MiKTeX/texmfs/install/tex/latex
/arabi/bblopts.cfg
File: bblopts.cfg 2005/09/08 v0.1 add Arabic and Farsi to "declared" options of
 babel
)
(/Users/xavergruber/Library/Application Support/MiKTeX/texmfs/install/tex/latex
/babel-german/ngerman.ldf
Language: ngerman 2021/02/27 v2.13 German support for babel (post-1996 orthogra
phy)

(/Users/xavergruber/Library/Application Support/MiKTeX/texmfs/install/tex/latex
/babel-german/ngermanb.ldf
Language: ngermanb 2021/02/27 v2.13 German support for babel (post-1996 orthogr
aphy)


Package babel Warning: No hyphenation patterns were preloaded for
(babel)                the language 'German (new orthography)' into the format.

(babel)                Please, configure your TeX system to add them and
(babel)                rebuild the format. Now I will use the patterns
(babel)                preloaded for \language=0 instead on input line 48.

Package babel Info: Making " an active character on input line 122.
)))
(/Users/xavergruber/Library/Application Support/MiKTeX/texmfs/install/tex/latex
/hyperref/hyperref.sty
Package: hyperref 2021-06-07 v7.00m Hypertext links for LaTeX

(/Users/xavergruber/Library/Application Support/MiKTeX/texmfs/install/tex/gener
ic/ltxcmds/ltxcmds.sty
Package: ltxcmds 2020-05-10 v1.25 LaTeX kernel commands for general use (HO)
)
(/Users/xavergruber/Library/Application Support/MiKTeX/texmfs/install/tex/gener
ic/iftex/iftex.sty
Package: iftex 2020/03/06 v1.0d TeX engine tests
)
(/Users/xavergruber/Library/Application Support/MiKTeX/texmfs/install/tex/gener
ic/pdftexcmds/pdftexcmds.sty
Package: pdftexcmds 2020-06-27 v0.33 Utility functions of pdfTeX for LuaTeX (HO
)

(/Users/xavergruber/Library/Application Support/MiKTeX/texmfs/install/tex/gener
ic/infwarerr/infwarerr.sty
Package: infwarerr 2019/12/03 v1.5 Providing info/warning/error messages (HO)
)
Package pdftexcmds Info: \pdf@primitive is available.
Package pdftexcmds Info: \pdf@ifprimitive is available.
Package pdftexcmds Info: \pdfdraftmode found.
)
(/Users/xavergruber/Library/Application Support/MiKTeX/texmfs/install/tex/gener
ic/kvsetkeys/kvsetkeys.sty
Package: kvsetkeys 2019/12/15 v1.18 Key value parser (HO)
)
(/Users/xavergruber/Library/Application Support/MiKTeX/texmfs/install/tex/gener
ic/kvdefinekeys/kvdefinekeys.sty
Package: kvdefinekeys 2019-12-19 v1.6 Define keys (HO)
)
(/Users/xavergruber/Library/Application Support/MiKTeX/texmfs/install/tex/gener
ic/pdfescape/pdfescape.sty
Package: pdfescape 2019/12/09 v1.15 Implements pdfTeX's escape features (HO)
)
(/Users/xavergruber/Library/Application Support/MiKTeX/texmfs/install/tex/latex
/hycolor/hycolor.sty
Package: hycolor 2020-01-27 v1.10 Color options for hyperref/bookmark (HO)
)
(/Users/xavergruber/Library/Application Support/MiKTeX/texmfs/install/tex/latex
/letltxmacro/letltxmacro.sty
Package: letltxmacro 2019/12/03 v1.6 Let assignment for LaTeX macros (HO)
)
(/Users/xavergruber/Library/Application Support/MiKTeX/texmfs/install/tex/latex
/auxhook/auxhook.sty
Package: auxhook 2019-12-17 v1.6 Hooks for auxiliary files (HO)
)
(/Users/xavergruber/Library/Application Support/MiKTeX/texmfs/install/tex/latex
/kvoptions/kvoptions.sty
Package: kvoptions 2020-10-07 v3.14 Key value format for package options (HO)
)
\@linkdim=\dimen140
\Hy@linkcounter=\count195
\Hy@pagecounter=\count196

(/Users/xavergruber/Library/Application Support/MiKTeX/texmfs/install/tex/latex
/hyperref/pd1enc.def
File: pd1enc.def 2021-06-07 v7.00m Hyperref: PDFDocEncoding definition (HO)
Now handling font encoding PD1 ...
... no UTF-8 mapping file for font encoding PD1
)
(/Users/xavergruber/Library/Application Support/MiKTeX/texmfs/install/tex/latex
/hyperref/hyperref-langpatches.def
File: hyperref-langpatches.def 2021-06-07 v7.00m Hyperref: patches for babel la
nguages
)
(/Users/xavergruber/Library/Application Support/MiKTeX/texmfs/install/tex/gener
ic/intcalc/intcalc.sty
Package: intcalc 2019/12/15 v1.3 Expandable calculations with integers (HO)
)
(/Users/xavergruber/Library/Application Support/MiKTeX/texmfs/install/tex/gener
ic/etexcmds/etexcmds.sty
Package: etexcmds 2019/12/15 v1.7 Avoid name clashes with e-TeX commands (HO)
)
\Hy@SavedSpaceFactor=\count197

(/Users/xavergruber/Library/Application Support/MiKTeX/texmfs/install/tex/latex
/hyperref/puenc.def
File: puenc.def 2021-06-07 v7.00m Hyperref: PDF Unicode definition (HO)
Now handling font encoding PU ...
... no UTF-8 mapping file for font encoding PU
)
Package hyperref Info: Option `colorlinks' set `true' on input line 4073.
Package hyperref Info: Option `pdffitwindow' set `true' on input line 4073.


Package hyperref Warning: Option `pagecolor' is not available anymore.

Package hyperref Info: Option `bookmarks' set `true' on input line 4073.
Package hyperref Info: Option `bookmarksopen' set `true' on input line 4073.
Package hyperref Info: Option `plainpages' set `false' on input line 4073.
Package hyperref Info: Option `pdfpagelabels' set `true' on input line 4073.
Package hyperref Info: Hyper figures OFF on input line 4192.
Package hyperref Info: Link nesting OFF on input line 4197.
Package hyperref Info: Hyper index ON on input line 4200.
Package hyperref Info: Plain pages OFF on input line 4207.
Package hyperref Info: Backreferencing OFF on input line 4212.
Package hyperref Info: Implicit mode ON; LaTeX internals redefined.
Package hyperref Info: Bookmarks ON on input line 4445.
\c@Hy@tempcnt=\count198

(/Users/xavergruber/Library/Application Support/MiKTeX/texmfs/install/tex/latex
/url/url.sty
\Urlmuskip=\muskip16
Package: url 2013/09/16  ver 3.4  Verb mode for urls, etc.
)
LaTeX Info: Redefining \url on input line 4804.
\XeTeXLinkMargin=\dimen141

(/Users/xavergruber/Library/Application Support/MiKTeX/texmfs/install/tex/gener
ic/bitset/bitset.sty
Package: bitset 2019/12/09 v1.3 Handle bit-vector datatype (HO)

(/Users/xavergruber/Library/Application Support/MiKTeX/texmfs/install/tex/gener
ic/bigintcalc/bigintcalc.sty
Package: bigintcalc 2019/12/15 v1.5 Expandable calculations on big integers (HO
)
))
\Fld@menulength=\count199
\Field@Width=\dimen142
\Fld@charsize=\dimen143
Package hyperref Info: Hyper figures OFF on input line 6076.
Package hyperref Info: Link nesting OFF on input line 6081.
Package hyperref Info: Hyper index ON on input line 6084.
Package hyperref Info: backreferencing OFF on input line 6091.
Package hyperref Info: Link coloring ON on input line 6094.
Package hyperref Info: Link coloring with OCG OFF on input line 6101.
Package hyperref Info: PDF/A mode OFF on input line 6106.
LaTeX Info: Redefining \ref on input line 6146.
LaTeX Info: Redefining \pageref on input line 6150.

(/Users/xavergruber/Library/Application Support/MiKTeX/texmfs/install/tex/latex
/base/atbegshi-ltx.sty
Package: atbegshi-ltx 2021/01/10 v1.0c Emulation of the original atbegshi
package with kernel methods
)
\Hy@abspage=\count266
\c@Item=\count267
\c@Hfootnote=\count268
)
Package hyperref Info: Driver: hpdftex.

(/Users/xavergruber/Library/Application Support/MiKTeX/texmfs/install/tex/latex
/hyperref/hpdftex.def
File: hpdftex.def 2021-06-07 v7.00m Hyperref driver for pdfTeX

(/Users/xavergruber/Library/Application Support/MiKTeX/texmfs/install/tex/latex
/base/atveryend-ltx.sty
Package: atveryend-ltx 2020/08/19 v1.0a Emulation of the original atveryend pac
kage
with kernel methods
)
\Fld@listcount=\count269
\c@bookmark@seq@number=\count270

(/Users/xavergruber/Library/Application Support/MiKTeX/texmfs/install/tex/latex
/rerunfilecheck/rerunfilecheck.sty
Package: rerunfilecheck 2019/12/05 v1.9 Rerun checks for auxiliary files (HO)

(/Users/xavergruber/Library/Application Support/MiKTeX/texmfs/install/tex/gener
ic/uniquecounter/uniquecounter.sty
Package: uniquecounter 2019/12/15 v1.4 Provide unlimited unique counter (HO)
)
Package uniquecounter Info: New unique counter `rerunfilecheck' on input line 2
86.
)
\Hy@SectionHShift=\skip64
)
(/Users/xavergruber/Library/Application Support/MiKTeX/texmfs/install/tex/latex
/caption/caption.sty
Package: caption 2020/10/26 v3.5g Customizing captions (AR)

(/Users/xavergruber/Library/Application Support/MiKTeX/texmfs/install/tex/latex
/caption/caption3.sty
Package: caption3 2020/10/21 v2.2e caption3 kernel (AR)
\captionmargin=\dimen144
\captionmargin@=\dimen145
\captionwidth=\dimen146
\caption@tempdima=\dimen147
\caption@indent=\dimen148
\caption@parindent=\dimen149
\caption@hangindent=\dimen150
Package caption Info: KOMA-Script document class detected.

(/Users/xavergruber/Library/Application Support/MiKTeX/texmfs/install/tex/latex
/caption/caption-koma.sto
File: caption-koma.sto 2020/09/21 v2.0b Adaption of the caption package to the 
KOMA-Script document classes (AR)
))
\c@caption@flags=\count271
\c@continuedfloat=\count272
Package caption Info: hyperref package is loaded.
)
(/Users/xavergruber/Library/Application Support/MiKTeX/texmfs/install/tex/latex
/base/inputenc.sty
Package: inputenc 2021/02/14 v1.3d Input encoding file
\inpenc@prehook=\toks17
\inpenc@posthook=\toks18
)
(/Users/xavergruber/Library/Application Support/MiKTeX/texmfs/install/tex/latex
/base/fontenc.sty
Package: fontenc 2021/04/29 v2.0v Standard LaTeX package
)
(/Users/xavergruber/Library/Application Support/MiKTeX/texmfs/install/tex/latex
/lm/lmodern.sty
Package: lmodern 2009/10/30 v1.6 Latin Modern Fonts
LaTeX Font Info:    Overwriting symbol font `operators' in version `normal'
(Font)                  OT1/cmr/m/n --> OT1/lmr/m/n on input line 22.
LaTeX Font Info:    Overwriting symbol font `letters' in version `normal'
(Font)                  OML/cmm/m/it --> OML/lmm/m/it on input line 23.
LaTeX Font Info:    Overwriting symbol font `symbols' in version `normal'
(Font)                  OMS/cmsy/m/n --> OMS/lmsy/m/n on input line 24.
LaTeX Font Info:    Overwriting symbol font `largesymbols' in version `normal'
(Font)                  OMX/cmex/m/n --> OMX/lmex/m/n on input line 25.
LaTeX Font Info:    Overwriting symbol font `operators' in version `bold'
(Font)                  OT1/cmr/bx/n --> OT1/lmr/bx/n on input line 26.
LaTeX Font Info:    Overwriting symbol font `letters' in version `bold'
(Font)                  OML/cmm/b/it --> OML/lmm/b/it on input line 27.
LaTeX Font Info:    Overwriting symbol font `symbols' in version `bold'
(Font)                  OMS/cmsy/b/n --> OMS/lmsy/b/n on input line 28.
LaTeX Font Info:    Overwriting symbol font `largesymbols' in version `bold'
(Font)                  OMX/cmex/m/n --> OMX/lmex/m/n on input line 29.
LaTeX Font Info:    Overwriting math alphabet `\mathbf' in version `normal'
(Font)                  OT1/cmr/bx/n --> OT1/lmr/bx/n on input line 31.
LaTeX Font Info:    Overwriting math alphabet `\mathsf' in version `normal'
(Font)                  OT1/cmss/m/n --> OT1/lmss/m/n on input line 32.
LaTeX Font Info:    Overwriting math alphabet `\mathit' in version `normal'
(Font)                  OT1/cmr/m/it --> OT1/lmr/m/it on input line 33.
LaTeX Font Info:    Overwriting math alphabet `\mathtt' in version `normal'
(Font)                  OT1/cmtt/m/n --> OT1/lmtt/m/n on input line 34.
LaTeX Font Info:    Overwriting math alphabet `\mathbf' in version `bold'
(Font)                  OT1/cmr/bx/n --> OT1/lmr/bx/n on input line 35.
LaTeX Font Info:    Overwriting math alphabet `\mathsf' in version `bold'
(Font)                  OT1/cmss/bx/n --> OT1/lmss/bx/n on input line 36.
LaTeX Font Info:    Overwriting math alphabet `\mathit' in version `bold'
(Font)                  OT1/cmr/bx/it --> OT1/lmr/bx/it on input line 37.
LaTeX Font Info:    Overwriting math alphabet `\mathtt' in version `bold'
(Font)                  OT1/cmtt/m/n --> OT1/lmtt/m/n on input line 38.
)
(/Users/xavergruber/Library/Application Support/MiKTeX/texmfs/install/tex/latex
/geometry/geometry.sty
Package: geometry 2020/01/02 v5.9 Page Geometry

(/Users/xavergruber/Library/Application Support/MiKTeX/texmfs/install/tex/gener
ic/iftex/ifvtex.sty
Package: ifvtex 2019/10/25 v1.7 ifvtex legacy package. Use iftex instead.
)
\Gm@cnth=\count273
\Gm@cntv=\count274
\c@Gm@tempcnt=\count275
\Gm@bindingoffset=\dimen151
\Gm@wd@mp=\dimen152
\Gm@odd@mp=\dimen153
\Gm@even@mp=\dimen154
\Gm@layoutwidth=\dimen155
\Gm@layoutheight=\dimen156
\Gm@layouthoffset=\dimen157
\Gm@layoutvoffset=\dimen158
\Gm@dimlist=\toks19

(/Users/xavergruber/Library/Application Support/MiKTeX/texmfs/install/tex/latex
/geometry/geometry.cfg))
(/Users/xavergruber/Library/Application Support/MiKTeX/texmfs/install/tex/latex
/graphics/graphicx.sty
Package: graphicx 2021/09/16 v1.2d Enhanced LaTeX Graphics (DPC,SPQR)

(/Users/xavergruber/Library/Application Support/MiKTeX/texmfs/install/tex/latex
/graphics/graphics.sty
Package: graphics 2021/03/04 v1.4d Standard LaTeX Graphics (DPC,SPQR)

(/Users/xavergruber/Library/Application Support/MiKTeX/texmfs/install/tex/latex
/graphics/trig.sty
Package: trig 2021/08/11 v1.11 sin cos tan (DPC)
)
(/Users/xavergruber/Library/Application Support/MiKTeX/texmfs/install/tex/latex
/graphics-cfg/graphics.cfg
File: graphics.cfg 2016/06/04 v1.11 sample graphics configuration
)
Package graphics Info: Driver file: pdftex.def on input line 107.

(/Users/xavergruber/Library/Application Support/MiKTeX/texmfs/install/tex/latex
/graphics-def/pdftex.def
File: pdftex.def 2020/10/05 v1.2a Graphics/color driver for pdftex
))
\Gin@req@height=\dimen159
\Gin@req@width=\dimen160
)
(/Users/xavergruber/Library/Application Support/MiKTeX/texmfs/install/tex/latex
/xcolor/xcolor.sty
Package: xcolor 2021/10/31 v2.13 LaTeX color extensions (UK)

(/Users/xavergruber/Library/Application Support/MiKTeX/texmfs/install/tex/latex
/graphics-cfg/color.cfg
File: color.cfg 2016/01/02 v1.6 sample color configuration
)
Package xcolor Info: Driver file: pdftex.def on input line 227.
Package xcolor Info: Model `cmy' substituted by `cmy0' on input line 1352.
Package xcolor Info: Model `hsb' substituted by `rgb' on input line 1356.
Package xcolor Info: Model `RGB' extended on input line 1368.
Package xcolor Info: Model `HTML' substituted by `rgb' on input line 1370.
Package xcolor Info: Model `Hsb' substituted by `hsb' on input line 1371.
Package xcolor Info: Model `tHsb' substituted by `hsb' on input line 1372.
Package xcolor Info: Model `HSB' substituted by `hsb' on input line 1373.
Package xcolor Info: Model `Gray' substituted by `gray' on input line 1374.
Package xcolor Info: Model `wave' substituted by `hsb' on input line 1375.
)
(/Users/xavergruber/Library/Application Support/MiKTeX/texmfs/install/tex/latex
/booktabs/booktabs.sty
Package: booktabs 2020/01/12 v1.61803398 Publication quality tables
\heavyrulewidth=\dimen161
\lightrulewidth=\dimen162
\cmidrulewidth=\dimen163
\belowrulesep=\dimen164
\belowbottomsep=\dimen165
\aboverulesep=\dimen166
\abovetopsep=\dimen167
\cmidrulesep=\dimen168
\cmidrulekern=\dimen169
\defaultaddspace=\dimen170
\@cmidla=\count276
\@cmidlb=\count277
\@aboverulesep=\dimen171
\@belowrulesep=\dimen172
\@thisruleclass=\count278
\@lastruleclass=\count279
\@thisrulewidth=\dimen173
)
(/Users/xavergruber/Library/Application Support/MiKTeX/texmfs/install/tex/latex
/pgf/frontendlayer/tikz.sty
(/Users/xavergruber/Library/Application Support/MiKTeX/texmfs/install/tex/latex
/pgf/basiclayer/pgf.sty
(/Users/xavergruber/Library/Application Support/MiKTeX/texmfs/install/tex/latex
/pgf/utilities/pgfrcs.sty
(/Users/xavergruber/Library/Application Support/MiKTeX/texmfs/install/tex/gener
ic/pgf/utilities/pgfutil-common.tex
\pgfutil@everybye=\toks20
\pgfutil@tempdima=\dimen174
\pgfutil@tempdimb=\dimen175

(/Users/xavergruber/Library/Application Support/MiKTeX/texmfs/install/tex/gener
ic/pgf/utilities/pgfutil-common-lists.tex))
(/Users/xavergruber/Library/Application Support/MiKTeX/texmfs/install/tex/gener
ic/pgf/utilities/pgfutil-latex.def
\pgfutil@abb=\box52
)
(/Users/xavergruber/Library/Application Support/MiKTeX/texmfs/install/tex/gener
ic/pgf/utilities/pgfrcs.code.tex
(/Users/xavergruber/Library/Application Support/MiKTeX/texmfs/install/tex/gener
ic/pgf/pgf.revision.tex)
Package: pgfrcs 2021/05/15 v3.1.9a (3.1.9a)
))
Package: pgf 2021/05/15 v3.1.9a (3.1.9a)

(/Users/xavergruber/Library/Application Support/MiKTeX/texmfs/install/tex/latex
/pgf/basiclayer/pgfcore.sty
(/Users/xavergruber/Library/Application Support/MiKTeX/texmfs/install/tex/latex
/pgf/systemlayer/pgfsys.sty
(/Users/xavergruber/Library/Application Support/MiKTeX/texmfs/install/tex/gener
ic/pgf/systemlayer/pgfsys.code.tex
Package: pgfsys 2021/05/15 v3.1.9a (3.1.9a)

(/Users/xavergruber/Library/Application Support/MiKTeX/texmfs/install/tex/gener
ic/pgf/utilities/pgfkeys.code.tex
\pgfkeys@pathtoks=\toks21
\pgfkeys@temptoks=\toks22

(/Users/xavergruber/Library/Application Support/MiKTeX/texmfs/install/tex/gener
ic/pgf/utilities/pgfkeysfiltered.code.tex
\pgfkeys@tmptoks=\toks23
))
\pgf@x=\dimen176
\pgf@y=\dimen177
\pgf@xa=\dimen178
\pgf@ya=\dimen179
\pgf@xb=\dimen180
\pgf@yb=\dimen181
\pgf@xc=\dimen182
\pgf@yc=\dimen183
\pgf@xd=\dimen184
\pgf@yd=\dimen185
\w@pgf@writea=\write3
\r@pgf@reada=\read3
\c@pgf@counta=\count280
\c@pgf@countb=\count281
\c@pgf@countc=\count282
\c@pgf@countd=\count283
\t@pgf@toka=\toks24
\t@pgf@tokb=\toks25
\t@pgf@tokc=\toks26
\pgf@sys@id@count=\count284

(/Users/xavergruber/Library/Application Support/MiKTeX/texmfs/install/tex/gener
ic/pgf/systemlayer/pgf.cfg
File: pgf.cfg 2021/05/15 v3.1.9a (3.1.9a)
)
Driver file for pgf: pgfsys-pdftex.def

(/Users/xavergruber/Library/Application Support/MiKTeX/texmfs/install/tex/gener
ic/pgf/systemlayer/pgfsys-pdftex.def
File: pgfsys-pdftex.def 2021/05/15 v3.1.9a (3.1.9a)

(/Users/xavergruber/Library/Application Support/MiKTeX/texmfs/install/tex/gener
ic/pgf/systemlayer/pgfsys-common-pdf.def
File: pgfsys-common-pdf.def 2021/05/15 v3.1.9a (3.1.9a)
)))
(/Users/xavergruber/Library/Application Support/MiKTeX/texmfs/install/tex/gener
ic/pgf/systemlayer/pgfsyssoftpath.code.tex
File: pgfsyssoftpath.code.tex 2021/05/15 v3.1.9a (3.1.9a)
\pgfsyssoftpath@smallbuffer@items=\count285
\pgfsyssoftpath@bigbuffer@items=\count286
)
(/Users/xavergruber/Library/Application Support/MiKTeX/texmfs/install/tex/gener
ic/pgf/systemlayer/pgfsysprotocol.code.tex
File: pgfsysprotocol.code.tex 2021/05/15 v3.1.9a (3.1.9a)
))
(/Users/xavergruber/Library/Application Support/MiKTeX/texmfs/install/tex/gener
ic/pgf/basiclayer/pgfcore.code.tex
Package: pgfcore 2021/05/15 v3.1.9a (3.1.9a)

(/Users/xavergruber/Library/Application Support/MiKTeX/texmfs/install/tex/gener
ic/pgf/math/pgfmath.code.tex
(/Users/xavergruber/Library/Application Support/MiKTeX/texmfs/install/tex/gener
ic/pgf/math/pgfmathcalc.code.tex
(/Users/xavergruber/Library/Application Support/MiKTeX/texmfs/install/tex/gener
ic/pgf/math/pgfmathutil.code.tex)
(/Users/xavergruber/Library/Application Support/MiKTeX/texmfs/install/tex/gener
ic/pgf/math/pgfmathparser.code.tex
\pgfmath@dimen=\dimen186
\pgfmath@count=\count287
\pgfmath@box=\box53
\pgfmath@toks=\toks27
\pgfmath@stack@operand=\toks28
\pgfmath@stack@operation=\toks29
)
(/Users/xavergruber/Library/Application Support/MiKTeX/texmfs/install/tex/gener
ic/pgf/math/pgfmathfunctions.code.tex
(/Users/xavergruber/Library/Application Support/MiKTeX/texmfs/install/tex/gener
ic/pgf/math/pgfmathfunctions.basic.code.tex)
(/Users/xavergruber/Library/Application Support/MiKTeX/texmfs/install/tex/gener
ic/pgf/math/pgfmathfunctions.trigonometric.code.tex)
(/Users/xavergruber/Library/Application Support/MiKTeX/texmfs/install/tex/gener
ic/pgf/math/pgfmathfunctions.random.code.tex)
(/Users/xavergruber/Library/Application Support/MiKTeX/texmfs/install/tex/gener
ic/pgf/math/pgfmathfunctions.comparison.code.tex)
(/Users/xavergruber/Library/Application Support/MiKTeX/texmfs/install/tex/gener
ic/pgf/math/pgfmathfunctions.base.code.tex)
(/Users/xavergruber/Library/Application Support/MiKTeX/texmfs/install/tex/gener
ic/pgf/math/pgfmathfunctions.round.code.tex)
(/Users/xavergruber/Library/Application Support/MiKTeX/texmfs/install/tex/gener
ic/pgf/math/pgfmathfunctions.misc.code.tex)
(/Users/xavergruber/Library/Application Support/MiKTeX/texmfs/install/tex/gener
ic/pgf/math/pgfmathfunctions.integerarithmetics.code.tex)))
(/Users/xavergruber/Library/Application Support/MiKTeX/texmfs/install/tex/gener
ic/pgf/math/pgfmathfloat.code.tex
\c@pgfmathroundto@lastzeros=\count288
))
(/Users/xavergruber/Library/Application Support/MiKTeX/texmfs/install/tex/gener
ic/pgf/math/pgfint.code.tex)
(/Users/xavergruber/Library/Application Support/MiKTeX/texmfs/install/tex/gener
ic/pgf/basiclayer/pgfcorepoints.code.tex
File: pgfcorepoints.code.tex 2021/05/15 v3.1.9a (3.1.9a)
\pgf@picminx=\dimen187
\pgf@picmaxx=\dimen188
\pgf@picminy=\dimen189
\pgf@picmaxy=\dimen190
\pgf@pathminx=\dimen191
\pgf@pathmaxx=\dimen192
\pgf@pathminy=\dimen193
\pgf@pathmaxy=\dimen194
\pgf@xx=\dimen195
\pgf@xy=\dimen196
\pgf@yx=\dimen197
\pgf@yy=\dimen198
\pgf@zx=\dimen199
\pgf@zy=\dimen256
)
(/Users/xavergruber/Library/Application Support/MiKTeX/texmfs/install/tex/gener
ic/pgf/basiclayer/pgfcorepathconstruct.code.tex
File: pgfcorepathconstruct.code.tex 2021/05/15 v3.1.9a (3.1.9a)
\pgf@path@lastx=\dimen257
\pgf@path@lasty=\dimen258
)
(/Users/xavergruber/Library/Application Support/MiKTeX/texmfs/install/tex/gener
ic/pgf/basiclayer/pgfcorepathusage.code.tex
File: pgfcorepathusage.code.tex 2021/05/15 v3.1.9a (3.1.9a)
\pgf@shorten@end@additional=\dimen259
\pgf@shorten@start@additional=\dimen260
)
(/Users/xavergruber/Library/Application Support/MiKTeX/texmfs/install/tex/gener
ic/pgf/basiclayer/pgfcorescopes.code.tex
File: pgfcorescopes.code.tex 2021/05/15 v3.1.9a (3.1.9a)
\pgfpic=\box54
\pgf@hbox=\box55
\pgf@layerbox@main=\box56
\pgf@picture@serial@count=\count289
)
(/Users/xavergruber/Library/Application Support/MiKTeX/texmfs/install/tex/gener
ic/pgf/basiclayer/pgfcoregraphicstate.code.tex
File: pgfcoregraphicstate.code.tex 2021/05/15 v3.1.9a (3.1.9a)
\pgflinewidth=\dimen261
)
(/Users/xavergruber/Library/Application Support/MiKTeX/texmfs/install/tex/gener
ic/pgf/basiclayer/pgfcoretransformations.code.tex
File: pgfcoretransformations.code.tex 2021/05/15 v3.1.9a (3.1.9a)
\pgf@pt@x=\dimen262
\pgf@pt@y=\dimen263
\pgf@pt@temp=\dimen264
)
(/Users/xavergruber/Library/Application Support/MiKTeX/texmfs/install/tex/gener
ic/pgf/basiclayer/pgfcorequick.code.tex
File: pgfcorequick.code.tex 2021/05/15 v3.1.9a (3.1.9a)
)
(/Users/xavergruber/Library/Application Support/MiKTeX/texmfs/install/tex/gener
ic/pgf/basiclayer/pgfcoreobjects.code.tex
File: pgfcoreobjects.code.tex 2021/05/15 v3.1.9a (3.1.9a)
)
(/Users/xavergruber/Library/Application Support/MiKTeX/texmfs/install/tex/gener
ic/pgf/basiclayer/pgfcorepathprocessing.code.tex
File: pgfcorepathprocessing.code.tex 2021/05/15 v3.1.9a (3.1.9a)
)
(/Users/xavergruber/Library/Application Support/MiKTeX/texmfs/install/tex/gener
ic/pgf/basiclayer/pgfcorearrows.code.tex
File: pgfcorearrows.code.tex 2021/05/15 v3.1.9a (3.1.9a)
\pgfarrowsep=\dimen265
)
(/Users/xavergruber/Library/Application Support/MiKTeX/texmfs/install/tex/gener
ic/pgf/basiclayer/pgfcoreshade.code.tex
File: pgfcoreshade.code.tex 2021/05/15 v3.1.9a (3.1.9a)
\pgf@max=\dimen266
\pgf@sys@shading@range@num=\count290
\pgf@shadingcount=\count291
)
(/Users/xavergruber/Library/Application Support/MiKTeX/texmfs/install/tex/gener
ic/pgf/basiclayer/pgfcoreimage.code.tex
File: pgfcoreimage.code.tex 2021/05/15 v3.1.9a (3.1.9a)

(/Users/xavergruber/Library/Application Support/MiKTeX/texmfs/install/tex/gener
ic/pgf/basiclayer/pgfcoreexternal.code.tex
File: pgfcoreexternal.code.tex 2021/05/15 v3.1.9a (3.1.9a)
\pgfexternal@startupbox=\box57
))
(/Users/xavergruber/Library/Application Support/MiKTeX/texmfs/install/tex/gener
ic/pgf/basiclayer/pgfcorelayers.code.tex
File: pgfcorelayers.code.tex 2021/05/15 v3.1.9a (3.1.9a)
)
(/Users/xavergruber/Library/Application Support/MiKTeX/texmfs/install/tex/gener
ic/pgf/basiclayer/pgfcoretransparency.code.tex
File: pgfcoretransparency.code.tex 2021/05/15 v3.1.9a (3.1.9a)
)
(/Users/xavergruber/Library/Application Support/MiKTeX/texmfs/install/tex/gener
ic/pgf/basiclayer/pgfcorepatterns.code.tex
File: pgfcorepatterns.code.tex 2021/05/15 v3.1.9a (3.1.9a)
)
(/Users/xavergruber/Library/Application Support/MiKTeX/texmfs/install/tex/gener
ic/pgf/basiclayer/pgfcorerdf.code.tex
File: pgfcorerdf.code.tex 2021/05/15 v3.1.9a (3.1.9a)
)))
(/Users/xavergruber/Library/Application Support/MiKTeX/texmfs/install/tex/gener
ic/pgf/modules/pgfmoduleshapes.code.tex
File: pgfmoduleshapes.code.tex 2021/05/15 v3.1.9a (3.1.9a)
\pgfnodeparttextbox=\box58
)
(/Users/xavergruber/Library/Application Support/MiKTeX/texmfs/install/tex/gener
ic/pgf/modules/pgfmoduleplot.code.tex
File: pgfmoduleplot.code.tex 2021/05/15 v3.1.9a (3.1.9a)
)
(/Users/xavergruber/Library/Application Support/MiKTeX/texmfs/install/tex/latex
/pgf/compatibility/pgfcomp-version-0-65.sty
Package: pgfcomp-version-0-65 2021/05/15 v3.1.9a (3.1.9a)
\pgf@nodesepstart=\dimen267
\pgf@nodesepend=\dimen268
)
(/Users/xavergruber/Library/Application Support/MiKTeX/texmfs/install/tex/latex
/pgf/compatibility/pgfcomp-version-1-18.sty
Package: pgfcomp-version-1-18 2021/05/15 v3.1.9a (3.1.9a)
))
(/Users/xavergruber/Library/Application Support/MiKTeX/texmfs/install/tex/latex
/pgf/utilities/pgffor.sty
(/Users/xavergruber/Library/Application Support/MiKTeX/texmfs/install/tex/latex
/pgf/utilities/pgfkeys.sty
(/Users/xavergruber/Library/Application Support/MiKTeX/texmfs/install/tex/gener
ic/pgf/utilities/pgfkeys.code.tex))
(/Users/xavergruber/Library/Application Support/MiKTeX/texmfs/install/tex/latex
/pgf/math/pgfmath.sty
(/Users/xavergruber/Library/Application Support/MiKTeX/texmfs/install/tex/gener
ic/pgf/math/pgfmath.code.tex))
(/Users/xavergruber/Library/Application Support/MiKTeX/texmfs/install/tex/gener
ic/pgf/utilities/pgffor.code.tex
Package: pgffor 2021/05/15 v3.1.9a (3.1.9a)

(/Users/xavergruber/Library/Application Support/MiKTeX/texmfs/install/tex/gener
ic/pgf/math/pgfmath.code.tex)
\pgffor@iter=\dimen269
\pgffor@skip=\dimen270
\pgffor@stack=\toks30
\pgffor@toks=\toks31
))
(/Users/xavergruber/Library/Application Support/MiKTeX/texmfs/install/tex/gener
ic/pgf/frontendlayer/tikz/tikz.code.tex
Package: tikz 2021/05/15 v3.1.9a (3.1.9a)

(/Users/xavergruber/Library/Application Support/MiKTeX/texmfs/install/tex/gener
ic/pgf/libraries/pgflibraryplothandlers.code.tex
File: pgflibraryplothandlers.code.tex 2021/05/15 v3.1.9a (3.1.9a)
\pgf@plot@mark@count=\count292
\pgfplotmarksize=\dimen271
)
\tikz@lastx=\dimen272
\tikz@lasty=\dimen273
\tikz@lastxsaved=\dimen274
\tikz@lastysaved=\dimen275
\tikz@lastmovetox=\dimen276
\tikz@lastmovetoy=\dimen277
\tikzleveldistance=\dimen278
\tikzsiblingdistance=\dimen279
\tikz@figbox=\box59
\tikz@figbox@bg=\box60
\tikz@tempbox=\box61
\tikz@tempbox@bg=\box62
\tikztreelevel=\count293
\tikznumberofchildren=\count294
\tikznumberofcurrentchild=\count295
\tikz@fig@count=\count296

(/Users/xavergruber/Library/Application Support/MiKTeX/texmfs/install/tex/gener
ic/pgf/modules/pgfmodulematrix.code.tex
File: pgfmodulematrix.code.tex 2021/05/15 v3.1.9a (3.1.9a)
\pgfmatrixcurrentrow=\count297
\pgfmatrixcurrentcolumn=\count298
\pgf@matrix@numberofcolumns=\count299
)
\tikz@expandcount=\count300

(/Users/xavergruber/Library/Application Support/MiKTeX/texmfs/install/tex/gener
ic/pgf/frontendlayer/tikz/libraries/tikzlibrarytopaths.code.tex
File: tikzlibrarytopaths.code.tex 2021/05/15 v3.1.9a (3.1.9a)
)))
(/Users/xavergruber/Library/Application Support/MiKTeX/texmfs/install/tex/gener
ic/pgf/frontendlayer/tikz/libraries/tikzlibraryarrows.code.tex
File: tikzlibraryarrows.code.tex 2021/05/15 v3.1.9a (3.1.9a)

(/Users/xavergruber/Library/Application Support/MiKTeX/texmfs/install/tex/gener
ic/pgf/libraries/pgflibraryarrows.code.tex
File: pgflibraryarrows.code.tex 2021/05/15 v3.1.9a (3.1.9a)
\arrowsize=\dimen280
))
(/Users/xavergruber/Library/Application Support/MiKTeX/texmfs/install/tex/gener
ic/pgf/libraries/pgflibraryarrows.meta.code.tex
File: pgflibraryarrows.meta.code.tex 2021/05/15 v3.1.9a (3.1.9a)
\pgfarrowinset=\dimen281
\pgfarrowlength=\dimen282
\pgfarrowwidth=\dimen283
\pgfarrowlinewidth=\dimen284
)
(/Users/xavergruber/Library/Application Support/MiKTeX/texmfs/install/tex/gener
ic/pgf/frontendlayer/tikz/libraries/tikzlibrarypositioning.code.tex
File: tikzlibrarypositioning.code.tex 2021/05/15 v3.1.9a (3.1.9a)
)
(/Users/xavergruber/Library/Application Support/MiKTeX/texmfs/install/tex/gener
ic/pgf/frontendlayer/tikz/libraries/tikzlibraryshapes.geometric.code.tex
File: tikzlibraryshapes.geometric.code.tex 2021/05/15 v3.1.9a (3.1.9a)

(/Users/xavergruber/Library/Application Support/MiKTeX/texmfs/install/tex/gener
ic/pgf/libraries/shapes/pgflibraryshapes.geometric.code.tex
File: pgflibraryshapes.geometric.code.tex 2021/05/15 v3.1.9a (3.1.9a)
))
(/Users/xavergruber/Library/Application Support/MiKTeX/texmfs/install/tex/latex
/tools/xspace.sty
Package: xspace 2014/10/28 v1.13 Space after command names (DPC,MH)
)
(/Users/xavergruber/Library/Application Support/MiKTeX/texmfs/install/tex/latex
/marginnote/marginnote.sty
Package: marginnote 2018/08/09 v1.4b non floating margin notes for LaTeX
\c@mn@abspage=\count301
)
(/Users/xavergruber/Library/Application Support/MiKTeX/texmfs/install/tex/latex
/menukeys/menukeys.sty
Package: menukeys 2022/07/01 v1.6.2 -- A package to format menus, paths and sho
rtcuts

(/Users/xavergruber/Library/Application Support/MiKTeX/texmfs/install/tex/latex
/l3packages/xparse/xparse.sty
(/Users/xavergruber/Library/Application Support/MiKTeX/texmfs/install/tex/latex
/l3kernel/expl3.sty
Package: expl3 2021-11-22 L3 programming layer (loader) 

(/Users/xavergruber/Library/Application Support/MiKTeX/texmfs/install/tex/latex
/l3backend/l3backend-pdftex.def
File: l3backend-pdftex.def 2021-12-14 L3 backend support: PDF output (pdfTeX)
\l__color_backend_stack_int=\count302
\l__pdf_internal_box=\box63
))
Package: xparse 2021-11-12 L3 Experimental document command parser
)
(/Users/xavergruber/Library/Application Support/MiKTeX/texmfs/install/tex/latex
/xstring/xstring.sty
(/Users/xavergruber/Library/Application Support/MiKTeX/texmfs/install/tex/gener
ic/xstring/xstring.tex
\integerpart=\count303
\decimalpart=\count304
)
Package: xstring 2023/01/14 v1.85 String manipulations (CT)
)
(/Users/xavergruber/Library/Application Support/MiKTeX/texmfs/install/tex/latex
/etoolbox/etoolbox.sty
Package: etoolbox 2020/10/05 v2.5k e-TeX tools for LaTeX (JAW)
\etb@tempcnta=\count305
)
(/Users/xavergruber/Library/Application Support/MiKTeX/texmfs/install/tex/gener
ic/pgf/frontendlayer/tikz/libraries/tikzlibrarycalc.code.tex
File: tikzlibrarycalc.code.tex 2021/05/15 v3.1.9a (3.1.9a)
)
(/Users/xavergruber/Library/Application Support/MiKTeX/texmfs/install/tex/gener
ic/pgf/frontendlayer/tikz/libraries/tikzlibraryshapes.symbols.code.tex
File: tikzlibraryshapes.symbols.code.tex 2021/05/15 v3.1.9a (3.1.9a)

(/Users/xavergruber/Library/Application Support/MiKTeX/texmfs/install/tex/gener
ic/pgf/libraries/shapes/pgflibraryshapes.symbols.code.tex
File: pgflibraryshapes.symbols.code.tex 2021/05/15 v3.1.9a (3.1.9a)
))
(/Users/xavergruber/Library/Application Support/MiKTeX/texmfs/install/tex/gener
ic/pgf/frontendlayer/tikz/libraries/tikzlibraryshadows.code.tex
File: tikzlibraryshadows.code.tex 2021/05/15 v3.1.9a (3.1.9a)

(/Users/xavergruber/Library/Application Support/MiKTeX/texmfs/install/tex/gener
ic/pgf/frontendlayer/tikz/libraries/tikzlibraryfadings.code.tex
File: tikzlibraryfadings.code.tex 2021/05/15 v3.1.9a (3.1.9a)

(/Users/xavergruber/Library/Application Support/MiKTeX/texmfs/install/tex/gener
ic/pgf/libraries/pgflibraryfadings.code.tex
File: pgflibraryfadings.code.tex 2021/05/15 v3.1.9a (3.1.9a)
)))
(/Users/xavergruber/Library/Application Support/MiKTeX/texmfs/install/tex/latex
/adjustbox/adjustbox.sty
Package: adjustbox 2022/10/17 v1.3a Adjusting TeX boxes (trim, clip, ...)

(/Users/xavergruber/Library/Application Support/MiKTeX/texmfs/install/tex/latex
/xkeyval/xkeyval.sty
Package: xkeyval 2022/06/16 v2.9 package option processing (HA)

(/Users/xavergruber/Library/Application Support/MiKTeX/texmfs/install/tex/gener
ic/xkeyval/xkeyval.tex
(/Users/xavergruber/Library/Application Support/MiKTeX/texmfs/install/tex/gener
ic/xkeyval/xkvutils.tex
\XKV@toks=\toks32
\XKV@tempa@toks=\toks33
)
\XKV@depth=\count306
File: xkeyval.tex 2014/12/03 v2.7a key=value parser (HA)
))
(/Users/xavergruber/Library/Application Support/MiKTeX/texmfs/install/tex/latex
/adjustbox/adjcalc.sty
Package: adjcalc 2012/05/16 v1.1 Provides advanced setlength with multiple back
-ends (calc, etex, pgfmath)
)
(/Users/xavergruber/Library/Application Support/MiKTeX/texmfs/install/tex/latex
/adjustbox/trimclip.sty
Package: trimclip 2020/08/19 v1.2 Trim and clip general TeX material

(/Users/xavergruber/Library/Application Support/MiKTeX/texmfs/install/tex/latex
/collectbox/collectbox.sty
Package: collectbox 2022/10/17 v0.4c Collect macro arguments as boxes
\collectedbox=\box64
)
\tc@llx=\dimen285
\tc@lly=\dimen286
\tc@urx=\dimen287
\tc@ury=\dimen288
Package trimclip Info: Using driver 'tc-pdftex.def'.

(/Users/xavergruber/Library/Application Support/MiKTeX/texmfs/install/tex/latex
/adjustbox/tc-pdftex.def
File: tc-pdftex.def 2019/01/04 v2.2 Clipping driver for pdftex
))
\adjbox@Width=\dimen289
\adjbox@Height=\dimen290
\adjbox@Depth=\dimen291
\adjbox@Totalheight=\dimen292
\adjbox@pwidth=\dimen293
\adjbox@pheight=\dimen294
\adjbox@pdepth=\dimen295
\adjbox@ptotalheight=\dimen296

(/Users/xavergruber/Library/Application Support/MiKTeX/texmfs/install/tex/latex
/ifoddpage/ifoddpage.sty
Package: ifoddpage 2022/10/18 v1.2 Conditionals for odd/even page detection
\c@checkoddpage=\count307
)
(/Users/xavergruber/Library/Application Support/MiKTeX/texmfs/install/tex/latex
/varwidth/varwidth.sty
Package: varwidth 2009/03/30 ver 0.92;  Variable-width minipages
\@vwid@box=\box65
\sift@deathcycles=\count308
\@vwid@loff=\dimen297
\@vwid@roff=\dimen298
))
(/Users/xavergruber/Library/Application Support/MiKTeX/texmfs/install/tex/latex
/relsize/relsize.sty
Package: relsize 2013/03/29 ver 4.1
)
\l__twmk_indris_int=\count309
\c@tw@hyphen@char@num=\count310
)
(/Users/xavergruber/Library/Application Support/MiKTeX/texmfs/install/tex/latex
/listings/listings.sty
\lst@mode=\count311
\lst@gtempboxa=\box66
\lst@token=\toks34
\lst@length=\count312
\lst@currlwidth=\dimen299
\lst@column=\count313
\lst@pos=\count314
\lst@lostspace=\dimen300
\lst@width=\dimen301
\lst@newlines=\count315
\lst@lineno=\count316
\lst@maxwidth=\dimen302

(/Users/xavergruber/Library/Application Support/MiKTeX/texmfs/install/tex/latex
/listings/lstmisc.sty
File: lstmisc.sty 2020/03/24 1.8d (Carsten Heinz)
\c@lstnumber=\count317
\lst@skipnumbers=\count318
\lst@framebox=\box67
)
(/Users/xavergruber/Library/Application Support/MiKTeX/texmfs/install/tex/latex
/listings/listings.cfg
File: listings.cfg 2020/03/24 1.8d listings configuration
))
Package: listings 2020/03/24 1.8d (Carsten Heinz)

(/Users/xavergruber/Library/Application Support/MiKTeX/texmfs/install/tex/latex
/biblatex/biblatex.sty
Package: biblatex 2020/12/31 v3.16 programmable bibliographies (PK/MW)

(/Users/xavergruber/Library/Application Support/MiKTeX/texmfs/install/tex/latex
/logreq/logreq.sty
Package: logreq 2010/08/04 v1.0 xml request logger
\lrq@indent=\count319

(/Users/xavergruber/Library/Application Support/MiKTeX/texmfs/install/tex/latex
/logreq/logreq.def
File: logreq.def 2010/08/04 v1.0 logreq spec v1.0
))
(/Users/xavergruber/Library/Application Support/MiKTeX/texmfs/install/tex/latex
/base/ifthen.sty
Package: ifthen 2020/11/24 v1.1c Standard LaTeX ifthen package (DPC)
)
\c@tabx@nest=\count320
\c@listtotal=\count321
\c@listcount=\count322
\c@liststart=\count323
\c@liststop=\count324
\c@citecount=\count325
\c@citetotal=\count326
\c@multicitecount=\count327
\c@multicitetotal=\count328
\c@instcount=\count329
\c@maxnames=\count330
\c@minnames=\count331
\c@maxitems=\count332
\c@minitems=\count333
\c@citecounter=\count334
\c@maxcitecounter=\count335
\c@savedcitecounter=\count336
\c@uniquelist=\count337
\c@uniquename=\count338
\c@refsection=\count339
\c@refsegment=\count340
\c@maxextratitle=\count341
\c@maxextratitleyear=\count342
\c@maxextraname=\count343
\c@maxextradate=\count344
\c@maxextraalpha=\count345
\c@abbrvpenalty=\count346
\c@highnamepenalty=\count347
\c@lownamepenalty=\count348
\c@maxparens=\count349
\c@parenlevel=\count350
\blx@tempcnta=\count351
\blx@tempcntb=\count352
\blx@tempcntc=\count353
\blx@maxsection=\count354
\blx@maxsegment@0=\count355
\blx@notetype=\count356
\blx@parenlevel@text=\count357
\blx@parenlevel@foot=\count358
\blx@sectionciteorder@0=\count359
\blx@entrysetcounter=\count360
\blx@biblioinstance=\count361
\labelnumberwidth=\skip65
\labelalphawidth=\skip66
\biblabelsep=\skip67
\bibitemsep=\skip68
\bibnamesep=\skip69
\bibinitsep=\skip70
\bibparsep=\skip71
\bibhang=\skip72
\blx@bcfin=\read4
\blx@bcfout=\write4
\blx@langwohyphens=\language2
\c@mincomprange=\count362
\c@maxcomprange=\count363
\c@mincompwidth=\count364
Package biblatex Info: Trying to load biblatex default data model...
Package biblatex Info: ... file 'blx-dm.def' found.

(/Users/xavergruber/Library/Application Support/MiKTeX/texmfs/install/tex/latex
/biblatex/blx-dm.def
File: blx-dm.def 2020/12/31 v3.16 biblatex localization (PK/MW)
)
Package biblatex Info: Trying to load biblatex style data model...
Package biblatex Info: ... file 'ieee.dbx' not found.
Package biblatex Info: Trying to load biblatex custom data model...
Package biblatex Info: ... file 'biblatex-dm.cfg' not found.
\c@afterword=\count365
\c@savedafterword=\count366
\c@annotator=\count367
\c@savedannotator=\count368
\c@author=\count369
\c@savedauthor=\count370
\c@bookauthor=\count371
\c@savedbookauthor=\count372
\c@commentator=\count373
\c@savedcommentator=\count374
\c@editor=\count375
\c@savededitor=\count376
\c@editora=\count377
\c@savededitora=\count378
\c@editorb=\count379
\c@savededitorb=\count380
\c@editorc=\count381
\c@savededitorc=\count382
\c@foreword=\count383
\c@savedforeword=\count384
\c@holder=\count385
\c@savedholder=\count386
\c@introduction=\count387
\c@savedintroduction=\count388
\c@namea=\count389
\c@savednamea=\count390
\c@nameb=\count391
\c@savednameb=\count392
\c@namec=\count393
\c@savednamec=\count394
\c@translator=\count395
\c@savedtranslator=\count396
\c@shortauthor=\count397
\c@savedshortauthor=\count398
\c@shorteditor=\count399
\c@savedshorteditor=\count400
\c@labelname=\count401
\c@savedlabelname=\count402
\c@institution=\count403
\c@savedinstitution=\count404
\c@lista=\count405
\c@savedlista=\count406
\c@listb=\count407
\c@savedlistb=\count408
\c@listc=\count409
\c@savedlistc=\count410
\c@listd=\count411
\c@savedlistd=\count412
\c@liste=\count413
\c@savedliste=\count414
\c@listf=\count415
\c@savedlistf=\count416
\c@location=\count417
\c@savedlocation=\count418
\c@organization=\count419
\c@savedorganization=\count420
\c@origlocation=\count421
\c@savedoriglocation=\count422
\c@origpublisher=\count423
\c@savedorigpublisher=\count424
\c@publisher=\count425
\c@savedpublisher=\count426
\c@language=\count427
\c@savedlanguage=\count428
\c@origlanguage=\count429
\c@savedoriglanguage=\count430
\c@pageref=\count431
\c@savedpageref=\count432
\shorthandwidth=\skip73
\shortjournalwidth=\skip74
\shortserieswidth=\skip75
\shorttitlewidth=\skip76
\shortauthorwidth=\skip77
\shorteditorwidth=\skip78
\locallabelnumberwidth=\skip79
\locallabelalphawidth=\skip80
\localshorthandwidth=\skip81
\localshortjournalwidth=\skip82
\localshortserieswidth=\skip83
\localshorttitlewidth=\skip84
\localshortauthorwidth=\skip85
\localshorteditorwidth=\skip86
Package biblatex Info: Trying to load compatibility code...
Package biblatex Info: ... file 'blx-compat.def' found.

(/Users/xavergruber/Library/Application Support/MiKTeX/texmfs/install/tex/latex
/biblatex/blx-compat.def
File: blx-compat.def 2020/12/31 v3.16 biblatex compatibility (PK/MW)
)
Package biblatex Info: Trying to load generic definitions...
Package biblatex Info: ... file 'biblatex.def' found.

(/Users/xavergruber/Library/Application Support/MiKTeX/texmfs/install/tex/latex
/biblatex/biblatex.def
File: biblatex.def 2020/12/31 v3.16 biblatex compatibility (PK/MW)
\c@textcitecount=\count433
\c@textcitetotal=\count434
\c@textcitemaxnames=\count435
\c@biburlbigbreakpenalty=\count436
\c@biburlbreakpenalty=\count437
\c@biburlnumpenalty=\count438
\c@biburlucpenalty=\count439
\c@biburllcpenalty=\count440
\biburlbigskip=\muskip17
\biburlnumskip=\muskip18
\biburlucskip=\muskip19
\biburllcskip=\muskip20
\c@smartand=\count441
)
Package biblatex Info: Trying to load bibliography style 'ieee'...
Package biblatex Info: ... file 'ieee.bbx' found.

(/Users/xavergruber/Library/Application Support/MiKTeX/texmfs/install/tex/latex
/biblatex-ieee/ieee.bbx
File: ieee.bbx 2021/12/06 v1.3f biblatex bibliography style
Package biblatex Info: Trying to load bibliography style 'numeric-comp'...
Package biblatex Info: ... file 'numeric-comp.bbx' found.

(/Users/xavergruber/Library/Application Support/MiKTeX/texmfs/install/tex/latex
/biblatex/bbx/numeric-comp.bbx
File: numeric-comp.bbx 2020/12/31 v3.16 biblatex bibliography style (PK/MW)
Package biblatex Info: Trying to load bibliography style 'numeric'...
Package biblatex Info: ... file 'numeric.bbx' found.

(/Users/xavergruber/Library/Application Support/MiKTeX/texmfs/install/tex/latex
/biblatex/bbx/numeric.bbx
File: numeric.bbx 2020/12/31 v3.16 biblatex bibliography style (PK/MW)
Package biblatex Info: Trying to load bibliography style 'standard'...
Package biblatex Info: ... file 'standard.bbx' found.

(/Users/xavergruber/Library/Application Support/MiKTeX/texmfs/install/tex/latex
/biblatex/bbx/standard.bbx
File: standard.bbx 2020/12/31 v3.16 biblatex bibliography style (PK/MW)
\c@bbx:relatedcount=\count442
\c@bbx:relatedtotal=\count443
))))
Package biblatex Info: Trying to load citation style 'ieee'...
Package biblatex Info: ... file 'ieee.cbx' found.

(/Users/xavergruber/Library/Application Support/MiKTeX/texmfs/install/tex/latex
/biblatex-ieee/ieee.cbx
File: ieee.cbx 2021/12/06 v1.3f biblatex citation style
Package biblatex Info: Trying to load citation style 'numeric-comp'...
Package biblatex Info: ... file 'numeric-comp.cbx' found.

(/Users/xavergruber/Library/Application Support/MiKTeX/texmfs/install/tex/latex
/biblatex/cbx/numeric-comp.cbx
File: numeric-comp.cbx 2020/12/31 v3.16 biblatex citation style (PK/MW)
\c@cbx@tempcnta=\count444
\c@cbx@tempcntb=\count445
\c@cbx@tempcntc=\count446
\c@cbx@tempcntd=\count447
Package biblatex Info: Redefining '\cite'.
Package biblatex Info: Redefining '\parencite'.
Package biblatex Info: Redefining '\footcite'.
Package biblatex Info: Redefining '\footcitetext'.
Package biblatex Info: Redefining '\smartcite'.
Package biblatex Info: Redefining '\supercite'.
Package biblatex Info: Redefining '\textcite'.
Package biblatex Info: Redefining '\textcites'.
Package biblatex Info: Redefining '\cites'.
Package biblatex Info: Redefining '\parencites'.
Package biblatex Info: Redefining '\smartcites'.
)
Package biblatex Info: Redefining '\cite'.
Package biblatex Info: Redefining '\supercite'.
Package biblatex Info: Redefining '\cites'.
)
Package biblatex Info: Trying to load configuration file...
Package biblatex Info: ... file 'biblatex.cfg' found.

(/Users/xavergruber/Library/Application Support/MiKTeX/texmfs/install/tex/latex
/biblatex/biblatex.cfg
File: biblatex.cfg 
))
(/Users/xavergruber/Library/Application Support/MiKTeX/texmfs/install/tex/latex
/acronym/acronym.sty
Package: acronym 2020/04/17 v1.47 Support for acronyms (Tobias Oetiker)

(/Users/xavergruber/Library/Application Support/MiKTeX/texmfs/install/tex/latex
/bigfoot/suffix.sty
Package: suffix 2006/07/15 1.5a Variant command support
)
\AC@clearlist=\toks35
)
(/Users/xavergruber/Library/Application Support/MiKTeX/texmfs/install/tex/latex
/koma-script/scrlayer-scrpage.sty
Package: scrlayer-scrpage 2021/11/13 v3.35 KOMA-Script package (end user interf
ace for scrlayer)

(/Users/xavergruber/Library/Application Support/MiKTeX/texmfs/install/tex/latex
/koma-script/scrlayer.sty
Package: scrlayer 2021/11/13 v3.35 KOMA-Script package (defining layers and pag
e styles)
Package scrlayer Info: Using already defined \footheight
(scrlayer)             hoping, that this is a length and
(scrlayer)             not only a macro on input line 136.
Package scrlayer Info: patching LaTeX kernel macro \pagestyle on input line 216
2.
)
Package scrlayer-scrpage Info: Makeing stand-alone element `pagehead' from
(scrlayer-scrpage)             alias to `pageheadfoot' on input line 1085.
Package scrlayer-scrpage Info: deactivating warning for font element
(scrlayer-scrpage)             `pagefoot' on input line 1109.
)
Package scrlayer-scrpage Info: auto-selection of `pagestyleset=KOMA-Script'.

1: section
1: chapter
1: chapter
1: section

(/Users/xavergruber/Library/Application Support/MiKTeX/texmfs/install/tex/latex
/lastpage/lastpage.sty
Package: lastpage 2023/07/24 v2.0c lastpage: 2.09 or 2e? (HMM)

(/Users/xavergruber/Library/Application Support/MiKTeX/texmfs/install/tex/latex
/lastpage/lastpage2e.sty
Package: lastpage2e 2023/07/24 v2.0c Decide which 2e lastpage version to use (H
MM)

(/Users/xavergruber/Library/Application Support/MiKTeX/texmfs/install/tex/latex
/lastpage/lastpageclassic.sty
Package: lastpageclassic 2023/07/24 v2.0c Refers to last page's name (HMM; JPG)

) 
))
1: chapter
)

Package biblatex Warning: 'babel/polyglossia' detected but 'csquotes' missing.
(biblatex)                Loading 'csquotes' recommended.

\@quotelevel=\count448
\@quotereset=\count449
LaTeX Font Info:    Trying to load font information for T1+lmr on input line 12
.

(/Users/xavergruber/Library/Application Support/MiKTeX/texmfs/install/tex/latex
/lm/t1lmr.fd
File: t1lmr.fd 2009/10/30 v1.6 Font defs for Latin Modern
) (BA.aux

LaTeX Warning: Label `LastPage' multiply defined.

)
\openout1 = `BA.aux'.

LaTeX Font Info:    Checking defaults for OML/cmm/m/it on input line 12.
LaTeX Font Info:    ... okay on input line 12.
LaTeX Font Info:    Checking defaults for OMS/cmsy/m/n on input line 12.
LaTeX Font Info:    ... okay on input line 12.
LaTeX Font Info:    Checking defaults for OT1/cmr/m/n on input line 12.
LaTeX Font Info:    ... okay on input line 12.
LaTeX Font Info:    Checking defaults for T1/cmr/m/n on input line 12.
LaTeX Font Info:    ... okay on input line 12.
LaTeX Font Info:    Checking defaults for TS1/cmr/m/n on input line 12.
LaTeX Font Info:    ... okay on input line 12.
LaTeX Font Info:    Checking defaults for OMX/cmex/m/n on input line 12.
LaTeX Font Info:    ... okay on input line 12.
LaTeX Font Info:    Checking defaults for U/cmr/m/n on input line 12.
LaTeX Font Info:    ... okay on input line 12.
LaTeX Font Info:    Checking defaults for PD1/pdf/m/n on input line 12.
LaTeX Font Info:    ... okay on input line 12.
LaTeX Font Info:    Checking defaults for PU/pdf/m/n on input line 12.
LaTeX Font Info:    ... okay on input line 12.
Package scrbase Info: activating ngerman \contentsname on input line 12.
Package scrbase Info: activating ngerman \listfigurename on input line 12.
Package scrbase Info: activating ngerman \listtablename on input line 12.
Package hyperref Info: Link coloring ON on input line 12.

(/Users/xavergruber/Library/Application Support/MiKTeX/texmfs/install/tex/latex
/hyperref/nameref.sty
Package: nameref 2021-04-02 v2.47 Cross-referencing by name of section

(/Users/xavergruber/Library/Application Support/MiKTeX/texmfs/install/tex/latex
/refcount/refcount.sty
Package: refcount 2019/12/15 v3.6 Data extraction from label references (HO)
)
(/Users/xavergruber/Library/Application Support/MiKTeX/texmfs/install/tex/gener
ic/gettitlestring/gettitlestring.sty
Package: gettitlestring 2019/12/15 v1.6 Cleanup title references (HO)
)
\c@section@level=\count450
)
LaTeX Info: Redefining \ref on input line 12.
LaTeX Info: Redefining \pageref on input line 12.
LaTeX Info: Redefining \nameref on input line 12.
 (BA.out) (BA.out)
\@outlinefile=\write5
\openout5 = `BA.out'.

Class scrreprt Info: loading recommended package `bookmark'.
(scrreprt)           Using `bookmark' together with `hyperref' is recommended,
(scrreprt)           because of handling of possible bookmark level gaps.
(scrreprt)           You can avoid loading `bookmark' with KOMA-Script option
(scrreprt)           `bookmarkpackage=false' before \begin{document} and
(scrreprt)           you can avoid this message adding:
(scrreprt)             \usepackage{bookmark}
(scrreprt)           before \begin{document} on input line 12.

(/Users/xavergruber/Library/Application Support/MiKTeX/texmfs/install/tex/latex
/bookmark/bookmark.sty
Package: bookmark 2020-11-06 v1.29 PDF bookmarks (HO)

(/Users/xavergruber/Library/Application Support/MiKTeX/texmfs/install/tex/latex
/bookmark/bkm-pdftex.def
File: bkm-pdftex.def 2020-11-06 v1.29 bookmark driver for pdfTeX (HO)
\BKM@id=\count451
))
Package caption Info: Begin \AtBeginDocument code.
Package caption Info: listings package is loaded.
Package caption Info: End \AtBeginDocument code.

*geometry* driver: auto-detecting
*geometry* detected driver: pdftex
*geometry* verbose mode - [ preamble ] result:
* driver: pdftex
* paper: <default>
* layout: <same size as paper>
* layoutoffset:(h,v)=(0.0pt,0.0pt)
* bindingoffset: 14.22636pt
* modes: 
* h-part:(L,W,R)=(71.13188pt, 441.0178pt, 71.13188pt)
* v-part:(T,H,B)=(85.35826pt, 588.97215pt, 170.71652pt)
* \paperwidth=597.50793pt
* \paperheight=845.04694pt
* \textwidth=441.0178pt
* \textheight=588.97215pt
* \oddsidemargin=13.08826pt
* \evensidemargin=-1.1381pt
* \topmargin=-47.31174pt
* \headheight=40.0pt
* \headsep=20.40001pt
* \topskip=11.0pt
* \footskip=47.6pt
* \marginparwidth=85.35826pt
* \marginparsep=12.8401pt
* \columnsep=10.0pt
* \skip\footins=10.0pt plus 4.0pt minus 2.0pt
* \hoffset=0.0pt
* \voffset=0.0pt
* \mag=1000
* \@twocolumnfalse
* \@twosidefalse
* \@mparswitchfalse
* \@reversemarginfalse
* (1in=72.27pt=25.4mm, 1cm=28.453pt)


(/Users/xavergruber/Library/Application Support/MiKTeX/texmfs/install/tex/conte
xt/base/mkii/supp-pdf.mkii
[Loading MPS to PDF converter (version 2006.09.02).]
\scratchcounter=\count452
\scratchdimen=\dimen303
\scratchbox=\box68
\nofMPsegments=\count453
\nofMParguments=\count454
\everyMPshowfont=\toks36
\MPscratchCnt=\count455
\MPscratchDim=\dimen304
\MPnumerator=\count456
\makeMPintoPDFobject=\count457
\everyMPtoPDFconversion=\toks37
)
(/Users/xavergruber/Library/Application Support/MiKTeX/texmfs/install/tex/latex
/epstopdf-pkg/epstopdf-base.sty
Package: epstopdf-base 2020-01-24 v2.11 Base part for package epstopdf
Package epstopdf-base Info: Redefining graphics rule for `.eps' on input line 4
85.

(/Users/xavergruber/Library/Application Support/MiKTeX/texmfs/install/tex/latex
/00miktex/epstopdf-sys.cfg
File: epstopdf-sys.cfg 2021/03/18 v2.0 Configuration of epstopdf for MiKTeX
))
\c@lstlisting=\count458
Package biblatex Info: Trying to load language 'ngerman'...
Package biblatex Info: ... file 'ngerman.lbx' found.

(/Users/xavergruber/Library/Application Support/MiKTeX/texmfs/install/tex/latex
/biblatex/lbx/ngerman.lbx
File: ngerman.lbx 2020/12/31 v3.16 biblatex localization (PK/MW)
Package biblatex Info: Trying to load language 'german'...
Package biblatex Info: ... file 'german.lbx' found.

(/Users/xavergruber/Library/Application Support/MiKTeX/texmfs/install/tex/latex
/biblatex/lbx/german.lbx
File: german.lbx 2020/12/31 v3.16 biblatex localization (PK/MW)
)
Package biblatex Info: Trying to load language 'german'...
Package biblatex Info: ... file 'german.lbx' found.

(/Users/xavergruber/Library/Application Support/MiKTeX/texmfs/install/tex/latex
/biblatex/lbx/german.lbx
File: german.lbx 2020/12/31 v3.16 biblatex localization (PK/MW)
))
Package biblatex Info: Input encoding 'utf8' detected.
Package biblatex Info: Automatic encoding selection.
(biblatex)             Assuming data encoding 'utf8'.
Package biblatex Info: Document encoding is UTF8 ....
Package biblatex Info: ... and expl3
(biblatex)             2021-11-22 L3 programming layer (loader) 
(biblatex)             is new enough (at least 2020/04/06),
(biblatex)             setting 'casechanger=expl3'.

(/Users/xavergruber/Library/Application Support/MiKTeX/texmfs/install/tex/latex
/biblatex/blx-case-expl3.sty
Package: blx-case-expl3 2020/12/31 v3.16 expl3 case changing code for biblatex
)
\openout4 = `BA.bcf'.

Package biblatex Info: Trying to load bibliographic data...
Package biblatex Info: ... file 'BA.bbl' found.
 (BA.bbl)
Package biblatex Info: Reference section=0 on input line 12.
Package biblatex Info: Reference segment=0 on input line 12.
 (Abschnitte/Deckblatt.tex
LaTeX Font Info:    Trying to load font information for T1+lmss on input line 2
5.

(/Users/xavergruber/Library/Application Support/MiKTeX/texmfs/install/tex/latex
/lm/t1lmss.fd
File: t1lmss.fd 2009/10/30 v1.6 Font defs for Latin Modern
)
<FH_Wuerzburg_Schweinfurt_Logo.jpg, id=30, 1107.13625pt x 532.99126pt>
File: FH_Wuerzburg_Schweinfurt_Logo.jpg Graphic file (type jpg)
<use FH_Wuerzburg_Schweinfurt_Logo.jpg>
Package pdftex.def Info: FH_Wuerzburg_Schweinfurt_Logo.jpg  used on input line 
25.
(pdftex.def)             Requested size: 221.42332pt x 106.59636pt.
LaTeX Font Info:    Trying to load font information for OT1+lmr on input line 2
5.

(/Users/xavergruber/Library/Application Support/MiKTeX/texmfs/install/tex/latex
/lm/ot1lmr.fd
File: ot1lmr.fd 2009/10/30 v1.6 Font defs for Latin Modern
)
LaTeX Font Info:    Trying to load font information for OML+lmm on input line 2
5.

(/Users/xavergruber/Library/Application Support/MiKTeX/texmfs/install/tex/latex
/lm/omllmm.fd
File: omllmm.fd 2009/10/30 v1.6 Font defs for Latin Modern
)
LaTeX Font Info:    Trying to load font information for OMS+lmsy on input line 
25.

(/Users/xavergruber/Library/Application Support/MiKTeX/texmfs/install/tex/latex
/lm/omslmsy.fd
File: omslmsy.fd 2009/10/30 v1.6 Font defs for Latin Modern
)
LaTeX Font Info:    Trying to load font information for OMX+lmex on input line 
25.

(/Users/xavergruber/Library/Application Support/MiKTeX/texmfs/install/tex/latex
/lm/omxlmex.fd
File: omxlmex.fd 2009/10/30 v1.6 Font defs for Latin Modern
)
LaTeX Font Info:    External font `lmex10' loaded for size
(Font)              <14.4> on input line 25.
LaTeX Font Info:    External font `lmex10' loaded for size
(Font)              <10> on input line 25.
LaTeX Font Info:    External font `lmex10' loaded for size
(Font)              <7> on input line 25.
 [1





{/Users/xavergruber/Library/Application Support/MiKTeX/texmfs/data/pdftex/confi
g/pdftex.map} <./FH_Wuerzburg_Schweinfurt_Logo.jpg>]) (BA.toc
LaTeX Font Info:    External font `lmex10' loaded for size
(Font)              <10.95> on input line 10.
LaTeX Font Info:    External font `lmex10' loaded for size
(Font)              <8> on input line 10.
LaTeX Font Info:    External font `lmex10' loaded for size
(Font)              <6> on input line 10.
)
\tf@toc=\write6
\openout6 = `BA.toc'.

 [2

] [3] (Abschnitte/sperrvermerk.tex)
Overfull \hbox (27.48769pt too wide) in paragraph at lines 1--19
\T1/lmr/m/n/10.95 in-the-Loop-Teststrategie fr elektrische Antriebsfunktionen
 enthlt schtzenswerte Informationen
 []


Overfull \hbox (43.21527pt too wide) in paragraph at lines 1--19
\T1/lmr/m/n/10.95 Weitergabe -auch auszugsweise- sowie das Einstellen dieser Ab
schlussarbeit in eine Hochschulbibliothek
 []


Overfull \hbox (33.75362pt too wide) in paragraph at lines 1--19
\T1/lmr/m/n/10.95 vor Ablauf der angegebenen Sperrfrist ohne vorherige schriftl
iche Zustimmung der ZF Friedrichshafen
 []

[4

] (Abschnitte/abbr.tex) [5

pdfTeX warning (ext4): destination with the same identifier (name{api}) has bee
n already used, duplicate ignored
<argument> ...shipout:D \box_use:N \l_shipout_box 
                                                  \__shipout_drop_firstpage_...
l.24 	\addchap{Abstract}
                        ]
chapter without number

Class scrreprt Warning: \float@addtolists detected!
(scrreprt)              Implementation of \float@addtolist became
(scrreprt)              deprecated in KOMA-Script v3.01 2008/11/14 and
(scrreprt)              has been replaced by several more flexible
(scrreprt)              features of package `tocbasic`.
(scrreprt)              Since Version 3.12 support for deprecated
(scrreprt)              \float@addtolist interface has been
(scrreprt)              restricted to only some of the KOMA-Script
(scrreprt)              features and been removed from others.
(scrreprt)              Loading of package `scrhack' may help to
(scrreprt)              avoid this warning, if you are using a
(scrreprt)              a package that still implements the
(scrreprt)              deprecated \float@addtolist interface.

(Abschnitte/abstract.tex) [6

]
chapter without number
(Abschnitte/Kurzzusammenfassung.tex
Overfull \hbox (48.26357pt too wide) in paragraph at lines 3--14
\T1/lmr/m/n/10.95 Es werden zwei Themen als Software-in-the-Loop Teststrategie 
bearbeitet, nmlich ein Schnittstellentest
 []


Overfull \hbox (19.56534pt too wide) in paragraph at lines 3--14
\T1/lmr/m/n/10.95 nachzustellen und Testflle automatisiert in TPT generieren l
assen. Fr den quivalenzklassentest
 []


Overfull \hbox (44.34111pt too wide) in paragraph at lines 3--14
\T1/lmr/m/n/10.95 Anderen geht es um eine Selbstberprfung der quivalenzklass
en, ob die definierten quivalenzklassen
 []

) [7

]
chapter 1.
\c@generell=\count459
(Abschnitte/Einleitung/zf.tex
Package acronym Info: Label `acro:zf' newly defined as it shall be overridden
although it is yet undefined on input line 4.

Overfull \hbox (4.2801pt too wide) in paragraph at lines 4--14
\T1/lmr/m/n/10.95 2020) weltweit in den Bereichen Mobilitt und Industrietechni
k. ZF bernahm zuletzt WABCO
 []

) (Abschnitte/Einleitung/thema.tex
Overfull \hbox (22.41156pt too wide) in paragraph at lines 13--15
\T1/lmr/m/n/10.95 Schnittstellentest zu berfhren (siehe Kapitel 5) und ein ne
ues Testkonzept mit quivalenzklassen
 []

) (Abschnitte/Einleitung/einordnung.tex
<Bilder/VModell.png, id=161, 374.68553pt x 218.10054pt>
File: Bilder/VModell.png Graphic file (type png)
<use Bilder/VModell.png>
Package pdftex.def Info: Bilder/VModell.png  used on input line 28.
(pdftex.def)             Requested size: 449.62039pt x 261.71933pt.

Overfull \hbox (8.60258pt too wide) in paragraph at lines 28--29
 [][] 
 []

[1

]
Package marginnote Info: Using workaround for absolute page number on input lin
e 30.
 [2 <./Bilder/VModell.png>]
Overfull \hbox (0.44835pt too wide) in paragraph at lines 59--71
\T1/lmr/m/n/10.95 Analyse wird das System als Kasten betrachtet, sprich Informa
tionen ber den Programmcode
 []

<Bilder/Einordnung.drawio.png, id=189, 362.35374pt x 322.20375pt>
File: Bilder/Einordnung.drawio.png Graphic file (type png)
<use Bilder/Einordnung.drawio.png>
Package pdftex.def Info: Bilder/Einordnung.drawio.png  used on input line 74.
(pdftex.def)             Requested size: 326.11536pt x 289.98068pt.
) [3 <./Bilder/Einordnung.drawio.png>] (Abschnitte/Einleitung/TPT.tex
Package acronym Info: Label `acro:tpt' newly defined as it shall be overridden
although it is yet undefined on input line 5.
Package acronym Info: Label `acro:sil' newly defined as it shall be overridden
although it is yet undefined on input line 8.
Package acronym Info: Label `acro:hil' newly defined as it shall be overridden
although it is yet undefined on input line 8.
Package acronym Info: Label `acro:mil' newly defined as it shall be overridden
although it is yet undefined on input line 8.
Package acronym Info: Label `acro:pil' newly defined as it shall be overridden
although it is yet undefined on input line 9.

Overfull \hbox (12.0997pt too wide) in paragraph at lines 4--12
\T1/lmr/m/n/10.95 ([])[], [][][]Processor-in-the-Loop ([])[] untersttzt. Das P
rogramm ist von der Anforderungsanalyse
 []

LaTeX Font Info:    Trying to load font information for TS1+lmr on input line 1
3.

(/Users/xavergruber/Library/Application Support/MiKTeX/texmfs/install/tex/latex
/lm/ts1lmr.fd
File: ts1lmr.fd 2009/10/30 v1.6 Font defs for Latin Modern
)) (Abschnitte/Einleitung/ziele.tex) [4]
chapter 2.
(Abschnitte/Methoden/Grundlagen.tex)
Overfull \hbox (17.84827pt too wide) in paragraph at lines 1--70
\T1/lmr/m/n/10.95 Punkt sind die quivalenzklassen. Dabei werden die quivalenz
klassen mathematisch beschrieben
 []


Overfull \hbox (5.83214pt too wide) in paragraph at lines 1--70
\T1/lmr/m/n/10.95 weshalb im Abschnitt 2.3 erklrt wird, welche Funktionalitte
n [][] hat und wie es konfiguriert
 []

(Abschnitte/Methoden/Schnittstellentest.tex
<Bilder/Quicktest/Schnittstelle.png, id=229, 367.80267pt x 97.65054pt>
File: Bilder/Quicktest/Schnittstelle.png Graphic file (type png)
<use Bilder/Quicktest/Schnittstelle.png>
Package pdftex.def Info: Bilder/Quicktest/Schnittstelle.png  used on input line
 8.
(pdftex.def)             Requested size: 331.01935pt x 87.88466pt.

Overfull \hbox (3.21881pt too wide) in paragraph at lines 15--19
\T1/lmr/m/n/10.95 Datei sein, in der die Datenstruktur definiert ist. Eine Head
er Datei dient als Schnittstelle
 []

[5

 <./Bilder/Quicktest/Schnittstelle.png>]
Package acronym Info: Label `acro:api' newly defined as it shall be overridden
although it is yet undefined on input line 19.

Overfull \hbox (0.51045pt too wide) in paragraph at lines 23--28
\T1/lmr/m/n/10.95 Komponente legt Daten ab, die zweite Komponente holt die Date
n. Datenbanken werden
 []


Overfull \hbox (14.44139pt too wide) in paragraph at lines 23--28
\T1/lmr/m/n/10.95 oft in IT-Systemen eingesetzt. Der Test einer Datenbank kann 
erfolgen, indem Dateninhalte
 []


Overfull \hbox (1.1782pt too wide) in paragraph at lines 23--28
\T1/lmr/m/n/10.95 berprft werden. Es bietet sich auch an, die Datenbank zu ma
nipulieren, indem einzelne
 []

Package acronym Info: Label `acro:xml' newly defined as it shall be overridden
although it is yet undefined on input line 30.

Overfull \hbox (11.49118pt too wide) in paragraph at lines 28--35
\T1/lmr/m/n/10.95 Schnittstellendefinitionssprache ist [][][]Extensible Markup 
Language ([])[]. In einem Schema
 []


Overfull \hbox (10.60777pt too wide) in paragraph at lines 28--35
\T1/lmr/m/n/10.95 erweiterbar ist. Es ist auch sehr flexibel, sodass eine Schem
a nach den eigenen Bedingungen
 []


Overfull \hbox (2.97374pt too wide) in paragraph at lines 28--35
\T1/lmr/m/n/10.95 erstellt werden kann. Es ist sinnvoll, strenge Regeln aufzust
ellen, damit eine berprfung
 []

<Bilder/Quicktest/Schnittstellen.drawio.png, id=247, 282.05376pt x 141.52875pt>

File: Bilder/Quicktest/Schnittstellen.drawio.png Graphic file (type png)
<use Bilder/Quicktest/Schnittstellen.drawio.png>
Package pdftex.def Info: Bilder/Quicktest/Schnittstellen.drawio.png  used on in
put line 52.
(pdftex.def)             Requested size: 253.84602pt x 127.37468pt.

LaTeX Warning: `!h' float specifier changed to `!ht'.

) (Abschnitte/Methoden/EquiTest.tex [6]
<Bilder/EquiDrawio/EigenschaftenEqui.drawio.png, id=257, 523.9575pt x 152.57pt>

File: Bilder/EquiDrawio/EigenschaftenEqui.drawio.png Graphic file (type png)
<use Bilder/EquiDrawio/EigenschaftenEqui.drawio.png>
Package pdftex.def Info: Bilder/EquiDrawio/EigenschaftenEqui.drawio.png  used o
n input line 14.
(pdftex.def)             Requested size: 471.55739pt x 137.31172pt.

Overfull \hbox (30.53958pt too wide) in paragraph at lines 14--15
 [][] 
 []


Overfull \hbox (2.3052pt too wide) in paragraph at lines 5--17
\T1/lmr/m/n/10.95 reflexiv, symmetrisch und transitiv ist, wie in Abbildung 2.3
 dargestellt. Eine reflexive Relation
 []


Overfull \hbox (5.58975pt too wide) in paragraph at lines 5--17
\T1/lmr/m/n/10.95 ist gegeben, wenn jedes Element einer Menge in Relation zu si
ch selbst steht. Eine symmetrische
 []

[7 <./Bilder/Quicktest/Schnittstellen.drawio.png> <./Bilder/EquiDrawio/Eigensch
aftenEqui.drawio.png>]
Overfull \hbox (4.23659pt too wide) in paragraph at lines 24--27
\T1/lmr/m/n/10.95 Alle Elemente einer quivalenzrelation in der Gesamtheit beze
ichnet man als quivalenzklasse.
 []


Overfull \hbox (1.78842pt too wide) in paragraph at lines 29--38
\T1/lmr/m/n/10.95 Es ist gewollt, dass auch quivalenzklassen definiert werden,
 die ein kritisches oder fehlerhaftes
 []


Overfull \hbox (2.27399pt too wide) in paragraph at lines 29--38
\T1/lmr/m/n/10.95 Requirement hervorgehen. Sie werden so gewhlt, dass sich das
 System fr alle Werte innerhalb
 []

<Bilder/EquiZeitstrahl/ZeitstrahlVerschiedeneKlassenParameter.png, id=277, 343.
71268pt x 114.85768pt>
File: Bilder/EquiZeitstrahl/ZeitstrahlVerschiedeneKlassenParameter.png Graphic 
file (type png)
<use Bilder/EquiZeitstrahl/ZeitstrahlVerschiedeneKlassenParameter.png>
Package pdftex.def Info: Bilder/EquiZeitstrahl/ZeitstrahlVerschiedeneKlassenPar
ameter.png  used on input line 41.
(pdftex.def)             Requested size: 412.45316pt x 137.82849pt.

LaTeX Warning: `h' float specifier changed to `ht'.

[8]) (Abschnitte/Methoden/TPTProgramm.tex
(Abschnitte/Methoden/ImplementierungQuicktestDiagramm.tex) [9 <./Bilder/EquiZei
tstrahl/ZeitstrahlVerschiedeneKlassenParameter.png>]
LaTeX Font Info:    Font shape `T1/lmss/bx/it' in size <14.4> not available
(Font)              Font shape `T1/lmss/bx/sl' tried instead on input line 6.

Overfull \hbox (1.57372pt too wide) in paragraph at lines 12--23
\T1/lmr/m/n/10.95 Analyse zu konfigurieren. Eine Plattform ist die C-Platfform,
 die in dieser Arbeit ausschlielich
 []


Overfull \hbox (6.897pt too wide) in paragraph at lines 12--23
\T1/lmr/m/n/10.95 unabhngig voneinander. Der groe Vorteil dieser Trennung ist
, dass die Plattformkonfiguration
 []


Overfull \hbox (1.99939pt too wide) in paragraph at lines 32--40
[]\T1/lmr/m/n/10.95 Ein (Prozess-)Scheduler berechnet und entscheidet, wann und
 wie lange ein Prozess
 []


Overfull \hbox (26.31229pt too wide) in paragraph at lines 40--41
[]\T1/lmr/m/n/10.95 die Abtastrate. Gibt beispielsweise die Zeiteinheit der per
iodischen Scheduler Funktionen
 []


Overfull \hbox (3.73483pt too wide) in paragraph at lines 44--68
\T1/lmr/m/n/10.95 eines Compare Steps. Es gibt auch ein Assessment fr quivale
nzklassen. Dabei kann festgelegt
 []

[10]
Overfull \hbox (4.80928pt too wide) in paragraph at lines 70--78
\T1/lmr/m/n/10.95 Parser. Die Aufgabe eines Parsers ist es, Daten auf Korrekthe
it in Bezug auf einer Grammatik
 []


Overfull \hbox (10.71329pt too wide) in paragraph at lines 90--92
[]\T1/lmr/m/n/10.95 Ein Signal wird durch das Assessment berprft, ob es eine 
definierte Bedingung
 []

Package acronym Info: Label `acro:sut' newly defined as it shall be overridden
although it is yet undefined on input line 103.
<Bilder/Quicktest/SUT_TPT.drawio.png, id=332, 341.275pt x 204.765pt>
File: Bilder/Quicktest/SUT_TPT.drawio.png Graphic file (type png)
<use Bilder/Quicktest/SUT_TPT.drawio.png>
Package pdftex.def Info: Bilder/Quicktest/SUT_TPT.drawio.png  used on input lin
e 112.
(pdftex.def)             Requested size: 307.14465pt x 184.28677pt.
[11] (Abschnitte/Umsetzung/EquiTPT.tex
Underfull \hbox (badness 10000) in paragraph at lines 7--14

 []


Overfull \hbox (6.88344pt too wide) in paragraph at lines 16--32
[]\T1/lmr/m/n/10.95 Mit dem \T1/lmr/m/it/10.95 Equivalence Class Coverage table
 \T1/lmr/m/n/10.95 knnen ausgewhlte Testflle berprft
 []


Overfull \hbox (15.26266pt too wide) in paragraph at lines 16--32
\T1/lmr/m/n/10.95 festlegen kann. Eine Verbotene besteht den Test, wenn sie nic
ht eintritt. Eine Verpflichtende
 []


Underfull \hbox (badness 10000) in paragraph at lines 16--32

 []

[12 <./Bilder/Quicktest/SUT_TPT.drawio.png>]
Underfull \hbox (badness 10000) in paragraph at lines 33--39

 []


Overfull \hbox (80.1411pt too wide) in paragraph at lines 40--44
\T1/lmr/m/n/10.95 nacheinander geschrieben werden oder jede in einer eigenen St
ep Liste. Weitere Einstellungsmglichkeiten
 []

)) [13]
chapter 3.
(Abschnitte/Methoden/Quicktest/analyseQuicktest.tex
Package acronym Info: Label `acro:exe' newly defined as it shall be overridden
although it is yet undefined on input line 13.

(Abschnitte/Methoden/Quicktest/QuicktestDiagramm.tex) [14

]
Overfull \hbox (5.95447pt too wide) in paragraph at lines 19--21
\T1/lmr/m/n/10.95 Wesentlichen im [][] Format die Signale definiert werden. Aus
 den Datafields der Komponente
 []

<Bilder/EquiZeitstrahl/QuicktestSignalstrahl.png, id=389, 485.24142pt x 186.267
32pt>
File: Bilder/EquiZeitstrahl/QuicktestSignalstrahl.png Graphic file (type png)
<use Bilder/EquiZeitstrahl/QuicktestSignalstrahl.png>
Package pdftex.def Info: Bilder/EquiZeitstrahl/QuicktestSignalstrahl.png  used 
on input line 35.
(pdftex.def)             Requested size: 436.71324pt x 167.63902pt.

Overfull \hbox (2.27426pt too wide) in paragraph at lines 44--47
[]\T1/lmr/m/n/10.95 In Abbildung 3.3 ist ein Flussdiagramm zu sehen. Es zeigt d
ie Logik eines Schnittstellentests,
 []

[15 <./Bilder/EquiZeitstrahl/QuicktestSignalstrahl.png>]
<Bilder/Quicktest/QuicktestLogik.drawio.png, id=402, 392.46625pt x 442.65375pt>

File: Bilder/Quicktest/QuicktestLogik.drawio.png Graphic file (type png)
<use Bilder/Quicktest/QuicktestLogik.drawio.png>
Package pdftex.def Info: Bilder/Quicktest/QuicktestLogik.drawio.png  used on in
put line 63.
(pdftex.def)             Requested size: 235.48155pt x 265.59428pt.
) [16 <./Bilder/Quicktest/QuicktestLogik.drawio.png>]
(Abschnitte/Methoden/Quicktest/QuicktestPotenziale.tex
Overfull \hbox (8.72382pt too wide) in paragraph at lines 2--10
\T1/lmr/m/n/10.95 Ein Potenzial des Quicktests ist, dass die Laufzeit verbesser
t werden kann. Um die Schnittstellen
 []

) [17]
chapter 4.
(Abschnitte/Methoden/Quicktest/nachstellenCQuicktest.tex
<Bilder/Quicktest/Makros.drawio.png, id=420, 517.935pt x 317.185pt>
File: Bilder/Quicktest/Makros.drawio.png Graphic file (type png)
<use Bilder/Quicktest/Makros.drawio.png>
Package pdftex.def Info: Bilder/Quicktest/Makros.drawio.png  used on input line
 29.
(pdftex.def)             Requested size: 310.76338pt x 190.31245pt.

(/Users/xavergruber/Library/Application Support/MiKTeX/texmfs/install/tex/latex
/listings/lstlang1.sty
File: lstlang1.sty 2020/03/24 1.8d listings language file
)
(/Users/xavergruber/Library/Application Support/MiKTeX/texmfs/install/tex/latex
/listings/lstmisc.sty
File: lstmisc.sty 2020/03/24 1.8d (Carsten Heinz)
)
Package hyperref Info: bookmark level for unknown lstlisting defaults to 0 on i
nput line 39.
LaTeX Font Info:    Trying to load font information for T1+lmtt on input line 3
9.

(/Users/xavergruber/Library/Application Support/MiKTeX/texmfs/install/tex/latex
/lm/t1lmtt.fd
File: t1lmtt.fd 2009/10/30 v1.6 Font defs for Latin Modern
) (Code/TestfallmitDatafield.c
LaTeX Font Info:    Font shape `T1/lmtt/bx/n' in size <9> not available
(Font)              Font shape `T1/lmtt/b/n' tried instead on input line 1.
 [18

 <./Bilder/Quicktest/Makros.drawio.png>]) (Code/STBPrivatedfi.h) (Code/ZIL_STB_
dfi.h) (Code/SDC_Public_dfi.h))
[19]
chapter 5.
(Abschnitte/Umsetzung/ImplementierungQuicktest.tex
<Bilder/Quicktest/Testfallerstellung.png, id=460, 713.16437pt x 146.04562pt>
File: Bilder/Quicktest/Testfallerstellung.png Graphic file (type png)
<use Bilder/Quicktest/Testfallerstellung.png>
Package pdftex.def Info: Bilder/Quicktest/Testfallerstellung.png  used on input
 line 33.
(pdftex.def)             Requested size: 427.90192pt x 87.62804pt.
)

LaTeX Warning: `h' float specifier changed to `ht'.

(Abschnitte/Umsetzung/AutomatisierungQuicktest.tex
Overfull \hbox (1.51253pt too wide) in paragraph at lines 1--6
\T1/lmr/m/n/10.95 anhand von Klassendiagrammen, die sich im Anhang befinden, er
klrt. Es gibt drei wesentliche
 []

[20

]
Overfull \hbox (0.75458pt too wide) in paragraph at lines 7--10
[]\T1/lmr/m/n/10.95 Die Objekte der Klasse Types (siehe Abbildung A.3) enthalte
n Informationen des Datentyps
 []


Overfull \hbox (10.9285pt too wide) in paragraph at lines 7--10
\T1/lmr/m/n/10.95 Wertegrenze und ob es eine Fliekommazahl ist sowie dazugehr
ige Getter und Setter Methoden. 
 []


Overfull \hbox (19.42902pt too wide) in paragraph at lines 26--51
\T1/lmr/m/n/10.95 Es besteht im Wesentlichen aus zwei Schleifen. Die groe Schl
eife ist dafr zustndig Testfallordner
 []

) [21 <./Bilder/Quicktest/Testfallerstellung.png>]
chapter 6.
(Abschnitte/Umsetzung/KonzeptEqui.tex
<Bilder/SDCDoku.png, id=474, 482.66035pt x 305.42679pt>
File: Bilder/SDCDoku.png Graphic file (type png)
<use Bilder/SDCDoku.png>
Package pdftex.def Info: Bilder/SDCDoku.png  used on input line 12.
(pdftex.def)             Requested size: 434.3903pt x 274.88156pt.
 [22

 <./Bilder/SDCDoku.png>])
Overfull \hbox (0.84578pt too wide) in paragraph at lines 40--102
\T1/lmr/m/n/10.95 Um den quivalenzklassentest nutzen zu knnen, mssen zunchs
t quivalenzklassen definiert
 []


Overfull \hbox (31.32216pt too wide) in paragraph at lines 40--102
\T1/lmr/m/n/10.95 dadurch schafft man eine Datenbasis an Werten als Reprsentan
ten beziehungsweise Wertebereichen.
 []

[23] [24]
chapter 7.
(Abschnitte/diskussion.tex
Overfull \hbox (1.78514pt too wide) in paragraph at lines 2--11
\T1/lmr/m/n/10.95 Potenzial vorhanden, denn TPT muss noch besser fr das Softwa
reprojekt konfiguriert werden.
 []

)
Overfull \hbox (12.34248pt too wide) in paragraph at lines 21--107
\T1/lmr/m/n/10.95 quivalenzklassen von TPT generiert werden knnen. Die groe 
Arbeit ist alle quivalenzklassen
 []

[25

]
chapter 8.
(Abschnitte/zusammenfassung.tex)
\c@letzte=\count460

Overfull \hbox (23.77635pt too wide) in paragraph at lines 18--120
\T1/lmr/m/n/10.95 TPT muss weiter fr die bestehende Software konfiguriert werd
en. Wenn es durch die Konfiguration
 []

[26

]
chapter without number
(Abschnitte/erklaerung.tex
Overfull \hbox (22.44023pt too wide) in paragraph at lines 1--8
\T1/lmr/m/n/10.95 Die vorliegende Abschlussarbeit wurde von mir selbststndig v
erfasst und nur mit den angegebenen
 []

) [8

]
Package marginnote Info: Using workaround for absolute page number on input lin
e 128.
 (BA.lof)
\tf@lof=\write7
\openout7 = `BA.lof'.



Class scrreprt Warning: \float@listhead detected!
(scrreprt)              Implementation of \float@listhead became
(scrreprt)              deprecated in KOMA-Script v3.01 2008/11/14 and
(scrreprt)              has been replaced by several more flexible
(scrreprt)              features of package `tocbasic`.
(scrreprt)              Maybe implementation of \float@listhead will
(scrreprt)              be removed from KOMA-Script soon.
(scrreprt)              Loading of package `scrhack' may help to
(scrreprt)              avoid this warning, if you are using a
(scrreprt)              a package that still implements the
(scrreprt)              deprecated \float@listhead interface on input line 129.


[9

] (BA.lol)
\tf@lol=\write8
\openout8 = `BA.lol'.

 [10

]
chapter A.
(Abschnitte/Klassendiagramme.tex
<Bilder/Quicktest/Klassen/KlasseAggregation.drawio.png, id=569, 554.07pt x 53.1
9875pt>
File: Bilder/Quicktest/Klassen/KlasseAggregation.drawio.png Graphic file (type 
png)
<use Bilder/Quicktest/Klassen/KlasseAggregation.drawio.png>
Package pdftex.def Info: Bilder/Quicktest/Klassen/KlasseAggregation.drawio.png 
 used on input line 3.
(pdftex.def)             Requested size: 443.2566pt x 42.55904pt.

Overfull \hbox (2.2388pt too wide) in paragraph at lines 3--4
 [][] 
 []

<Bilder/Quicktest/Klassen/KlasseInterfacesByUnit.drawio.png, id=570, 272.01625p
t x 194.7275pt>
File: Bilder/Quicktest/Klassen/KlasseInterfacesByUnit.drawio.png Graphic file (
type png)
<use Bilder/Quicktest/Klassen/KlasseInterfacesByUnit.drawio.png>
Package pdftex.def Info: Bilder/Quicktest/Klassen/KlasseInterfacesByUnit.drawio
.png  used on input line 8.
(pdftex.def)             Requested size: 244.81235pt x 175.25311pt.
<Bilder/Quicktest/Klassen/KlasseType.drawio.png, id=571, 161.60374pt x 228.855p
t>
File: Bilder/Quicktest/Klassen/KlasseType.drawio.png Graphic file (type png)
<use Bilder/Quicktest/Klassen/KlasseType.drawio.png>
Package pdftex.def Info: Bilder/Quicktest/Klassen/KlasseType.drawio.png  used o
n input line 13.
(pdftex.def)             Requested size: 145.44202pt x 205.96759pt.

LaTeX Warning: `!h' float specifier changed to `!ht'.

<Bilder/Quicktest/Klassen/KlasseInterface.drawio.png, id=572, 362.35374pt x 315
.1775pt>
File: Bilder/Quicktest/Klassen/KlasseInterface.drawio.png Graphic file (type pn
g)
<use Bilder/Quicktest/Klassen/KlasseInterface.drawio.png>
Package pdftex.def Info: Bilder/Quicktest/Klassen/KlasseInterface.drawio.png  u
sed on input line 18.
(pdftex.def)             Requested size: 326.11536pt x 283.65712pt.

LaTeX Warning: `!h' float specifier changed to `!ht'.

) [11

 <./Bilder/Quicktest/Klassen/KlasseAggregation.drawio.png> <./Bilder/Quicktest/
Klassen/KlasseInterfacesByUnit.drawio.png>]

LaTeX Warning: Text page xii contains only floats.

[12 <./Bilder/Quicktest/Klassen/KlasseType.drawio.png> <./Bilder/Quicktest/Klas
sen/KlasseInterface.drawio.png>]
chapter B.
(Flussdiagramme/QuicktestAutomatisierung.tex) [13

]
chapter C.
(Code/WichtigeTPTAPIFunktionenerklaert.tptapi
Overfull \hbox (54.8758pt too wide) in paragraph at lines 2--3
[][][][][][][][][][][][][][][][][][][][][][][][][][][][][][][][][][][][][][][][
][][][][][][][][][] 
 []

[14

]) [15]

Package biblatex Warning: No driver for entry type 'web_page'.
(biblatex)                Using fallback driver on input line 146.


Package biblatex Warning: No driver for entry type 'web_page'.
(biblatex)                Using fallback driver on input line 146.


Package biblatex Warning: No driver for entry type 'web_page'.
(biblatex)                Using fallback driver on input line 146.


Overfull \hbox (10.90544pt too wide) in paragraph at lines 147--147
[]\T1/lmr/m/n/10.95 M. Winter, M. Ekssir-Monfared, H. M. Sneed, R. Seidl und L.
 Borner, \T1/lmr/m/it/10.95 Der Integrationstest\T1/lmr/m/n/10.95 .
 []


Overfull \hbox (22.15976pt too wide) in paragraph at lines 147--147
[]\T1/lmr/m/n/10.95 A. Spillner und T. Linz, \T1/lmr/m/it/10.95 Basiswissen Sof
twaretest\T1/lmr/m/n/10.95 . dpunkt.verlag, 2012, \T1/lmr/m/sc/10.95 isbn\T1/lm
r/m/n/10.95 : 9783864900242. 
 []


Package biblatex Warning: No driver for entry type 'web_page'.
(biblatex)                Using fallback driver on input line 146.


Overfull \hbox (28.2613pt too wide) in paragraph at lines 147--147
\T1/lmr/m/n/10.95 Adresse: [][]$\T1/lmtt/m/n/10.95 https : / / heicon -[] ulm .
 de / gegenueberstellung -[] und -[] bewertung -[] verschiedener -[]
 []


Package biblatex Warning: No driver for entry type 'web_page'.
(biblatex)                Using fallback driver on input line 146.


Overfull \hbox (6.73222pt too wide) in paragraph at lines 147--147
[]\T1/lmr/m/it/10.95 Statische Analyse und Dynamischer Test: Wo liegen die Str
ken und Schwchen? \T1/lmr/m/n/10.95 25. Apr.
 []


Package biblatex Warning: No driver for entry type 'web_page'.
(biblatex)                Using fallback driver on input line 146.


Package biblatex Warning: No driver for entry type 'web_page'.
(biblatex)                Using fallback driver on input line 146.


Overfull \hbox (9.78993pt too wide) in paragraph at lines 147--147
[]\T1/lmr/m/n/10.95 E. Lehmann, ``Time Partition Testing-Systematischer Test de
s kontinuierlichen Verhaltens
 []

[16

]

Package biblatex Warning: No driver for entry type 'web_page'.
(biblatex)                Using fallback driver on input line 146.


Package biblatex Warning: No driver for entry type 'web_page'.
(biblatex)                Using fallback driver on input line 146.


Overfull \hbox (7.62222pt too wide) in paragraph at lines 147--147
[]\T1/lmr/m/it/10.95 Transitive Relation - Wikipedia Eintrag\T1/lmr/m/n/10.95 ,
 23. Apr. 2022. Adresse: [][]$\T1/lmtt/m/n/10.95 https : / / de . wikipedia .
 []


Package biblatex Warning: No driver for entry type 'web_page'.
(biblatex)                Using fallback driver on input line 146.


Overfull \hbox (23.86922pt too wide) in paragraph at lines 147--147
\T1/lmtt/m/n/10.95 files . piketec . com / downloads / releases / TPT17 / manua
ls / Content / Test % 20Execution /
 []


AED: lastpage setting LastPage
[17] (BA.aux)

LaTeX Warning: There were multiply-defined labels.

Package rerunfilecheck Info: File `BA.out' has not changed.
(rerunfilecheck)             Checksum: D41D8CD98F00B204E9800998ECF8427E;0.
Package logreq Info: Writing requests to 'BA.run.xml'.
\openout1 = `BA.run.xml'.

 ) 
Here is how much of TeX's memory you used:
 41120 strings out of 480616
 852412 string characters out of 2895653
 1726129 words of memory out of 3000000
 57969 multiletter control sequences out of 15000+600000
 472897 words of font info for 68 fonts, out of 8000000 for 9000
 2 hyphenation exceptions out of 8191
 127i,20n,123p,10628b,2966s stack positions out of 5000i,500n,10000p,200000b,80000s
{/Users/xavergruber/Library/Application Support/MiKTeX/texmfs/install/fonts/e
nc/dvips/lm/lm-ec.enc}{/Users/xavergruber/Library/Application Support/MiKTeX/te
xmfs/install/fonts/enc/dvips/lm/lm-mathit.enc}{/Users/xavergruber/Library/Appli
cation Support/MiKTeX/texmfs/install/fonts/enc/dvips/lm/lm-rm.enc}{/Users/xaver
gruber/Library/Application Support/MiKTeX/texmfs/install/fonts/enc/dvips/lm/lm-
mathsy.enc}{/Users/xavergruber/Library/Application Support/MiKTeX/texmfs/instal
l/fonts/enc/dvips/lm/lm-ts1.enc}</Users/xavergruber/Library/Application Support
/MiKTeX/texmfs/install/fonts/type1/public/lm/lmbx10.pfb></Users/xavergruber/Lib
rary/Application Support/MiKTeX/texmfs/install/fonts/type1/public/lm/lmbx12.pfb
></Users/xavergruber/Library/Application Support/MiKTeX/texmfs/install/fonts/ty
pe1/public/lm/lmcsc10.pfb></Users/xavergruber/Library/Application Support/MiKTe
X/texmfs/install/fonts/type1/public/lm/lmmi10.pfb></Users/xavergruber/Library/A
pplication Support/MiKTeX/texmfs/install/fonts/type1/public/lm/lmr10.pfb></User
s/xavergruber/Library/Application Support/MiKTeX/texmfs/install/fonts/type1/pub
lic/lm/lmr12.pfb></Users/xavergruber/Library/Application Support/MiKTeX/texmfs/
install/fonts/type1/public/lm/lmri10.pfb></Users/xavergruber/Library/Applicatio
n Support/MiKTeX/texmfs/install/fonts/type1/public/lm/lmro10.pfb></Users/xaverg
ruber/Library/Application Support/MiKTeX/texmfs/install/fonts/type1/public/lm/l
mssbo10.pfb></Users/xavergruber/Library/Application Support/MiKTeX/texmfs/insta
ll/fonts/type1/public/lm/lmssbx10.pfb></Users/xavergruber/Library/Application S
upport/MiKTeX/texmfs/install/fonts/type1/public/lm/lmsy10.pfb></Users/xavergrub
er/Library/Application Support/MiKTeX/texmfs/install/fonts/type1/public/lm/lmtk
10.pfb></Users/xavergruber/Library/Application Support/MiKTeX/texmfs/install/fo
nts/type1/public/lm/lmtt10.pfb></Users/xavergruber/Library/Application Support/
MiKTeX/texmfs/install/fonts/type1/public/lm/lmtt9.pfb></Users/xavergruber/Libra
ry/Application Support/MiKTeX/texmfs/install/fonts/type1/public/lm/lmtti10.pfb>

Output written on BA.pdf (43 pages, 932460 bytes).
PDF statistics:
 874 PDF objects out of 1000 (max. 8388607)
 236 named destinations out of 1000 (max. 500000)
 370 words of extra memory for PDF output out of 10000 (max. 10000000)

